The system is: Linux - 6.8.0-85-generic - x86_64
Compiling the CXX compiler identification source file "CMakeCXXCompilerId.cpp" succeeded.
Compiler: /usr/bin/c++ 
Build flags: 
Id flags:  

The output was:
0


Compilation of the CXX compiler identification source "CMakeCXXCompilerId.cpp" produced "a.out"

The CXX compiler identification is GNU, found in "/home/blubridge-040/Desktop/permanant/binary-function-definition/build/CMakeFiles/3.22.1/CompilerIdCXX/a.out"

Compiling the C compiler identification source file "CMakeCCompilerId.c" succeeded.
Compiler: /usr/bin/cc 
Build flags: 
Id flags:  

The output was:
0


Compilation of the C compiler identification source "CMakeCCompilerId.c" produced "a.out"

The C compiler identification is GNU, found in "/home/blubridge-040/Desktop/permanant/binary-function-definition/build/CMakeFiles/3.22.1/CompilerIdC/a.out"

Detecting CXX compiler ABI info compiled with the following output:
Change Dir: /home/blubridge-040/Desktop/permanant/binary-function-definition/build/CMakeFiles/CMakeTmp

Run Build Command(s):/usr/bin/gmake -f Makefile cmTC_d587f/fast && /usr/bin/gmake  -f CMakeFiles/cmTC_d587f.dir/build.make CMakeFiles/cmTC_d587f.dir/build
gmake[1]: Entering directory '/home/blubridge-040/Desktop/permanant/binary-function-definition/build/CMakeFiles/CMakeTmp'
Building CXX object CMakeFiles/cmTC_d587f.dir/CMakeCXXCompilerABI.cpp.o
/usr/bin/c++   -v -o CMakeFiles/cmTC_d587f.dir/CMakeCXXCompilerABI.cpp.o -c /usr/share/cmake-3.22/Modules/CMakeCXXCompilerABI.cpp
Using built-in specs.
COLLECT_GCC=/usr/bin/c++
OFFLOAD_TARGET_NAMES=nvptx-none:amdgcn-amdhsa
OFFLOAD_TARGET_DEFAULT=1
Target: x86_64-linux-gnu
Configured with: ../src/configure -v --with-pkgversion='Ubuntu 11.4.0-1ubuntu1~22.04.2' --with-bugurl=file:///usr/share/doc/gcc-11/README.Bugs --enable-languages=c,ada,c++,go,brig,d,fortran,objc,obj-c++,m2 --prefix=/usr --with-gcc-major-version-only --program-suffix=-11 --program-prefix=x86_64-linux-gnu- --enable-shared --enable-linker-build-id --libexecdir=/usr/lib --without-included-gettext --enable-threads=posix --libdir=/usr/lib --enable-nls --enable-bootstrap --enable-clocale=gnu --enable-libstdcxx-debug --enable-libstdcxx-time=yes --with-default-libstdcxx-abi=new --enable-gnu-unique-object --disable-vtable-verify --enable-plugin --enable-default-pie --with-system-zlib --enable-libphobos-checking=release --with-target-system-zlib=auto --enable-objc-gc=auto --enable-multiarch --disable-werror --enable-cet --with-arch-32=i686 --with-abi=m64 --with-multilib-list=m32,m64,mx32 --enable-multilib --with-tune=generic --enable-offload-targets=nvptx-none=/build/gcc-11-2Y5pKs/gcc-11-11.4.0/debian/tmp-nvptx/usr,amdgcn-amdhsa=/build/gcc-11-2Y5pKs/gcc-11-11.4.0/debian/tmp-gcn/usr --without-cuda-driver --enable-checking=release --build=x86_64-linux-gnu --host=x86_64-linux-gnu --target=x86_64-linux-gnu --with-build-config=bootstrap-lto-lean --enable-link-serialization=2
Thread model: posix
Supported LTO compression algorithms: zlib zstd
gcc version 11.4.0 (Ubuntu 11.4.0-1ubuntu1~22.04.2) 
COLLECT_GCC_OPTIONS='-v' '-o' 'CMakeFiles/cmTC_d587f.dir/CMakeCXXCompilerABI.cpp.o' '-c' '-shared-libgcc' '-mtune=generic' '-march=x86-64' '-dumpdir' 'CMakeFiles/cmTC_d587f.dir/'
 /usr/lib/gcc/x86_64-linux-gnu/11/cc1plus -quiet -v -imultiarch x86_64-linux-gnu -D_GNU_SOURCE /usr/share/cmake-3.22/Modules/CMakeCXXCompilerABI.cpp -quiet -dumpdir CMakeFiles/cmTC_d587f.dir/ -dumpbase CMakeCXXCompilerABI.cpp.cpp -dumpbase-ext .cpp -mtune=generic -march=x86-64 -version -fasynchronous-unwind-tables -fstack-protector-strong -Wformat -Wformat-security -fstack-clash-protection -fcf-protection -o /tmp/cccLpp9F.s
GNU C++17 (Ubuntu 11.4.0-1ubuntu1~22.04.2) version 11.4.0 (x86_64-linux-gnu)
	compiled by GNU C version 11.4.0, GMP version 6.2.1, MPFR version 4.1.0, MPC version 1.2.1, isl version isl-0.24-GMP

GGC heuristics: --param ggc-min-expand=100 --param ggc-min-heapsize=131072
ignoring duplicate directory "/usr/include/x86_64-linux-gnu/c++/11"
ignoring nonexistent directory "/usr/local/include/x86_64-linux-gnu"
ignoring nonexistent directory "/usr/lib/gcc/x86_64-linux-gnu/11/include-fixed"
ignoring nonexistent directory "/usr/lib/gcc/x86_64-linux-gnu/11/../../../../x86_64-linux-gnu/include"
#include "..." search starts here:
#include <...> search starts here:
 /usr/include/c++/11
 /usr/include/x86_64-linux-gnu/c++/11
 /usr/include/c++/11/backward
 /usr/lib/gcc/x86_64-linux-gnu/11/include
 /usr/local/include
 /usr/include/x86_64-linux-gnu
 /usr/include
End of search list.
GNU C++17 (Ubuntu 11.4.0-1ubuntu1~22.04.2) version 11.4.0 (x86_64-linux-gnu)
	compiled by GNU C version 11.4.0, GMP version 6.2.1, MPFR version 4.1.0, MPC version 1.2.1, isl version isl-0.24-GMP

GGC heuristics: --param ggc-min-expand=100 --param ggc-min-heapsize=131072
Compiler executable checksum: 6c87588fc345655b93b8c25f48f88886
COLLECT_GCC_OPTIONS='-v' '-o' 'CMakeFiles/cmTC_d587f.dir/CMakeCXXCompilerABI.cpp.o' '-c' '-shared-libgcc' '-mtune=generic' '-march=x86-64' '-dumpdir' 'CMakeFiles/cmTC_d587f.dir/'
 as -v --64 -o CMakeFiles/cmTC_d587f.dir/CMakeCXXCompilerABI.cpp.o /tmp/cccLpp9F.s
GNU assembler version 2.38 (x86_64-linux-gnu) using BFD version (GNU Binutils for Ubuntu) 2.38
COMPILER_PATH=/usr/lib/gcc/x86_64-linux-gnu/11/:/usr/lib/gcc/x86_64-linux-gnu/11/:/usr/lib/gcc/x86_64-linux-gnu/:/usr/lib/gcc/x86_64-linux-gnu/11/:/usr/lib/gcc/x86_64-linux-gnu/
LIBRARY_PATH=/usr/lib/gcc/x86_64-linux-gnu/11/:/usr/lib/gcc/x86_64-linux-gnu/11/../../../x86_64-linux-gnu/:/usr/lib/gcc/x86_64-linux-gnu/11/../../../../lib/:/lib/x86_64-linux-gnu/:/lib/../lib/:/usr/lib/x86_64-linux-gnu/:/usr/lib/../lib/:/usr/lib/gcc/x86_64-linux-gnu/11/../../../:/lib/:/usr/lib/
COLLECT_GCC_OPTIONS='-v' '-o' 'CMakeFiles/cmTC_d587f.dir/CMakeCXXCompilerABI.cpp.o' '-c' '-shared-libgcc' '-mtune=generic' '-march=x86-64' '-dumpdir' 'CMakeFiles/cmTC_d587f.dir/CMakeCXXCompilerABI.cpp.'
Linking CXX executable cmTC_d587f
/usr/bin/cmake -E cmake_link_script CMakeFiles/cmTC_d587f.dir/link.txt --verbose=1
/usr/bin/c++  -v CMakeFiles/cmTC_d587f.dir/CMakeCXXCompilerABI.cpp.o -o cmTC_d587f 
Using built-in specs.
COLLECT_GCC=/usr/bin/c++
COLLECT_LTO_WRAPPER=/usr/lib/gcc/x86_64-linux-gnu/11/lto-wrapper
OFFLOAD_TARGET_NAMES=nvptx-none:amdgcn-amdhsa
OFFLOAD_TARGET_DEFAULT=1
Target: x86_64-linux-gnu
Configured with: ../src/configure -v --with-pkgversion='Ubuntu 11.4.0-1ubuntu1~22.04.2' --with-bugurl=file:///usr/share/doc/gcc-11/README.Bugs --enable-languages=c,ada,c++,go,brig,d,fortran,objc,obj-c++,m2 --prefix=/usr --with-gcc-major-version-only --program-suffix=-11 --program-prefix=x86_64-linux-gnu- --enable-shared --enable-linker-build-id --libexecdir=/usr/lib --without-included-gettext --enable-threads=posix --libdir=/usr/lib --enable-nls --enable-bootstrap --enable-clocale=gnu --enable-libstdcxx-debug --enable-libstdcxx-time=yes --with-default-libstdcxx-abi=new --enable-gnu-unique-object --disable-vtable-verify --enable-plugin --enable-default-pie --with-system-zlib --enable-libphobos-checking=release --with-target-system-zlib=auto --enable-objc-gc=auto --enable-multiarch --disable-werror --enable-cet --with-arch-32=i686 --with-abi=m64 --with-multilib-list=m32,m64,mx32 --enable-multilib --with-tune=generic --enable-offload-targets=nvptx-none=/build/gcc-11-2Y5pKs/gcc-11-11.4.0/debian/tmp-nvptx/usr,amdgcn-amdhsa=/build/gcc-11-2Y5pKs/gcc-11-11.4.0/debian/tmp-gcn/usr --without-cuda-driver --enable-checking=release --build=x86_64-linux-gnu --host=x86_64-linux-gnu --target=x86_64-linux-gnu --with-build-config=bootstrap-lto-lean --enable-link-serialization=2
Thread model: posix
Supported LTO compression algorithms: zlib zstd
gcc version 11.4.0 (Ubuntu 11.4.0-1ubuntu1~22.04.2) 
COMPILER_PATH=/usr/lib/gcc/x86_64-linux-gnu/11/:/usr/lib/gcc/x86_64-linux-gnu/11/:/usr/lib/gcc/x86_64-linux-gnu/:/usr/lib/gcc/x86_64-linux-gnu/11/:/usr/lib/gcc/x86_64-linux-gnu/
LIBRARY_PATH=/usr/lib/gcc/x86_64-linux-gnu/11/:/usr/lib/gcc/x86_64-linux-gnu/11/../../../x86_64-linux-gnu/:/usr/lib/gcc/x86_64-linux-gnu/11/../../../../lib/:/lib/x86_64-linux-gnu/:/lib/../lib/:/usr/lib/x86_64-linux-gnu/:/usr/lib/../lib/:/usr/lib/gcc/x86_64-linux-gnu/11/../../../:/lib/:/usr/lib/
COLLECT_GCC_OPTIONS='-v' '-o' 'cmTC_d587f' '-shared-libgcc' '-mtune=generic' '-march=x86-64' '-dumpdir' 'cmTC_d587f.'
 /usr/lib/gcc/x86_64-linux-gnu/11/collect2 -plugin /usr/lib/gcc/x86_64-linux-gnu/11/liblto_plugin.so -plugin-opt=/usr/lib/gcc/x86_64-linux-gnu/11/lto-wrapper -plugin-opt=-fresolution=/tmp/ccnI0QnY.res -plugin-opt=-pass-through=-lgcc_s -plugin-opt=-pass-through=-lgcc -plugin-opt=-pass-through=-lc -plugin-opt=-pass-through=-lgcc_s -plugin-opt=-pass-through=-lgcc --build-id --eh-frame-hdr -m elf_x86_64 --hash-style=gnu --as-needed -dynamic-linker /lib64/ld-linux-x86-64.so.2 -pie -z now -z relro -o cmTC_d587f /usr/lib/gcc/x86_64-linux-gnu/11/../../../x86_64-linux-gnu/Scrt1.o /usr/lib/gcc/x86_64-linux-gnu/11/../../../x86_64-linux-gnu/crti.o /usr/lib/gcc/x86_64-linux-gnu/11/crtbeginS.o -L/usr/lib/gcc/x86_64-linux-gnu/11 -L/usr/lib/gcc/x86_64-linux-gnu/11/../../../x86_64-linux-gnu -L/usr/lib/gcc/x86_64-linux-gnu/11/../../../../lib -L/lib/x86_64-linux-gnu -L/lib/../lib -L/usr/lib/x86_64-linux-gnu -L/usr/lib/../lib -L/usr/lib/gcc/x86_64-linux-gnu/11/../../.. CMakeFiles/cmTC_d587f.dir/CMakeCXXCompilerABI.cpp.o -lstdc++ -lm -lgcc_s -lgcc -lc -lgcc_s -lgcc /usr/lib/gcc/x86_64-linux-gnu/11/crtendS.o /usr/lib/gcc/x86_64-linux-gnu/11/../../../x86_64-linux-gnu/crtn.o
COLLECT_GCC_OPTIONS='-v' '-o' 'cmTC_d587f' '-shared-libgcc' '-mtune=generic' '-march=x86-64' '-dumpdir' 'cmTC_d587f.'
gmake[1]: Leaving directory '/home/blubridge-040/Desktop/permanant/binary-function-definition/build/CMakeFiles/CMakeTmp'



Parsed CXX implicit include dir info from above output: rv=done
  found start of include info
  found start of implicit include info
    add: [/usr/include/c++/11]
    add: [/usr/include/x86_64-linux-gnu/c++/11]
    add: [/usr/include/c++/11/backward]
    add: [/usr/lib/gcc/x86_64-linux-gnu/11/include]
    add: [/usr/local/include]
    add: [/usr/include/x86_64-linux-gnu]
    add: [/usr/include]
  end of search list found
  collapse include dir [/usr/include/c++/11] ==> [/usr/include/c++/11]
  collapse include dir [/usr/include/x86_64-linux-gnu/c++/11] ==> [/usr/include/x86_64-linux-gnu/c++/11]
  collapse include dir [/usr/include/c++/11/backward] ==> [/usr/include/c++/11/backward]
  collapse include dir [/usr/lib/gcc/x86_64-linux-gnu/11/include] ==> [/usr/lib/gcc/x86_64-linux-gnu/11/include]
  collapse include dir [/usr/local/include] ==> [/usr/local/include]
  collapse include dir [/usr/include/x86_64-linux-gnu] ==> [/usr/include/x86_64-linux-gnu]
  collapse include dir [/usr/include] ==> [/usr/include]
  implicit include dirs: [/usr/include/c++/11;/usr/include/x86_64-linux-gnu/c++/11;/usr/include/c++/11/backward;/usr/lib/gcc/x86_64-linux-gnu/11/include;/usr/local/include;/usr/include/x86_64-linux-gnu;/usr/include]


Parsed CXX implicit link information from above output:
  link line regex: [^( *|.*[/\])(ld|CMAKE_LINK_STARTFILE-NOTFOUND|([^/\]+-)?ld|collect2)[^/\]*( |$)]
  ignore line: [Change Dir: /home/blubridge-040/Desktop/permanant/binary-function-definition/build/CMakeFiles/CMakeTmp]
  ignore line: []
  ignore line: [Run Build Command(s):/usr/bin/gmake -f Makefile cmTC_d587f/fast && /usr/bin/gmake  -f CMakeFiles/cmTC_d587f.dir/build.make CMakeFiles/cmTC_d587f.dir/build]
  ignore line: [gmake[1]: Entering directory '/home/blubridge-040/Desktop/permanant/binary-function-definition/build/CMakeFiles/CMakeTmp']
  ignore line: [Building CXX object CMakeFiles/cmTC_d587f.dir/CMakeCXXCompilerABI.cpp.o]
  ignore line: [/usr/bin/c++   -v -o CMakeFiles/cmTC_d587f.dir/CMakeCXXCompilerABI.cpp.o -c /usr/share/cmake-3.22/Modules/CMakeCXXCompilerABI.cpp]
  ignore line: [Using built-in specs.]
  ignore line: [COLLECT_GCC=/usr/bin/c++]
  ignore line: [OFFLOAD_TARGET_NAMES=nvptx-none:amdgcn-amdhsa]
  ignore line: [OFFLOAD_TARGET_DEFAULT=1]
  ignore line: [Target: x86_64-linux-gnu]
  ignore line: [Configured with: ../src/configure -v --with-pkgversion='Ubuntu 11.4.0-1ubuntu1~22.04.2' --with-bugurl=file:///usr/share/doc/gcc-11/README.Bugs --enable-languages=c ada c++ go brig d fortran objc obj-c++ m2 --prefix=/usr --with-gcc-major-version-only --program-suffix=-11 --program-prefix=x86_64-linux-gnu- --enable-shared --enable-linker-build-id --libexecdir=/usr/lib --without-included-gettext --enable-threads=posix --libdir=/usr/lib --enable-nls --enable-bootstrap --enable-clocale=gnu --enable-libstdcxx-debug --enable-libstdcxx-time=yes --with-default-libstdcxx-abi=new --enable-gnu-unique-object --disable-vtable-verify --enable-plugin --enable-default-pie --with-system-zlib --enable-libphobos-checking=release --with-target-system-zlib=auto --enable-objc-gc=auto --enable-multiarch --disable-werror --enable-cet --with-arch-32=i686 --with-abi=m64 --with-multilib-list=m32 m64 mx32 --enable-multilib --with-tune=generic --enable-offload-targets=nvptx-none=/build/gcc-11-2Y5pKs/gcc-11-11.4.0/debian/tmp-nvptx/usr amdgcn-amdhsa=/build/gcc-11-2Y5pKs/gcc-11-11.4.0/debian/tmp-gcn/usr --without-cuda-driver --enable-checking=release --build=x86_64-linux-gnu --host=x86_64-linux-gnu --target=x86_64-linux-gnu --with-build-config=bootstrap-lto-lean --enable-link-serialization=2]
  ignore line: [Thread model: posix]
  ignore line: [Supported LTO compression algorithms: zlib zstd]
  ignore line: [gcc version 11.4.0 (Ubuntu 11.4.0-1ubuntu1~22.04.2) ]
  ignore line: [COLLECT_GCC_OPTIONS='-v' '-o' 'CMakeFiles/cmTC_d587f.dir/CMakeCXXCompilerABI.cpp.o' '-c' '-shared-libgcc' '-mtune=generic' '-march=x86-64' '-dumpdir' 'CMakeFiles/cmTC_d587f.dir/']
  ignore line: [ /usr/lib/gcc/x86_64-linux-gnu/11/cc1plus -quiet -v -imultiarch x86_64-linux-gnu -D_GNU_SOURCE /usr/share/cmake-3.22/Modules/CMakeCXXCompilerABI.cpp -quiet -dumpdir CMakeFiles/cmTC_d587f.dir/ -dumpbase CMakeCXXCompilerABI.cpp.cpp -dumpbase-ext .cpp -mtune=generic -march=x86-64 -version -fasynchronous-unwind-tables -fstack-protector-strong -Wformat -Wformat-security -fstack-clash-protection -fcf-protection -o /tmp/cccLpp9F.s]
  ignore line: [GNU C++17 (Ubuntu 11.4.0-1ubuntu1~22.04.2) version 11.4.0 (x86_64-linux-gnu)]
  ignore line: [	compiled by GNU C version 11.4.0  GMP version 6.2.1  MPFR version 4.1.0  MPC version 1.2.1  isl version isl-0.24-GMP]
  ignore line: []
  ignore line: [GGC heuristics: --param ggc-min-expand=100 --param ggc-min-heapsize=131072]
  ignore line: [ignoring duplicate directory "/usr/include/x86_64-linux-gnu/c++/11"]
  ignore line: [ignoring nonexistent directory "/usr/local/include/x86_64-linux-gnu"]
  ignore line: [ignoring nonexistent directory "/usr/lib/gcc/x86_64-linux-gnu/11/include-fixed"]
  ignore line: [ignoring nonexistent directory "/usr/lib/gcc/x86_64-linux-gnu/11/../../../../x86_64-linux-gnu/include"]
  ignore line: [#include "..." search starts here:]
  ignore line: [#include <...> search starts here:]
  ignore line: [ /usr/include/c++/11]
  ignore line: [ /usr/include/x86_64-linux-gnu/c++/11]
  ignore line: [ /usr/include/c++/11/backward]
  ignore line: [ /usr/lib/gcc/x86_64-linux-gnu/11/include]
  ignore line: [ /usr/local/include]
  ignore line: [ /usr/include/x86_64-linux-gnu]
  ignore line: [ /usr/include]
  ignore line: [End of search list.]
  ignore line: [GNU C++17 (Ubuntu 11.4.0-1ubuntu1~22.04.2) version 11.4.0 (x86_64-linux-gnu)]
  ignore line: [	compiled by GNU C version 11.4.0  GMP version 6.2.1  MPFR version 4.1.0  MPC version 1.2.1  isl version isl-0.24-GMP]
  ignore line: []
  ignore line: [GGC heuristics: --param ggc-min-expand=100 --param ggc-min-heapsize=131072]
  ignore line: [Compiler executable checksum: 6c87588fc345655b93b8c25f48f88886]
  ignore line: [COLLECT_GCC_OPTIONS='-v' '-o' 'CMakeFiles/cmTC_d587f.dir/CMakeCXXCompilerABI.cpp.o' '-c' '-shared-libgcc' '-mtune=generic' '-march=x86-64' '-dumpdir' 'CMakeFiles/cmTC_d587f.dir/']
  ignore line: [ as -v --64 -o CMakeFiles/cmTC_d587f.dir/CMakeCXXCompilerABI.cpp.o /tmp/cccLpp9F.s]
  ignore line: [GNU assembler version 2.38 (x86_64-linux-gnu) using BFD version (GNU Binutils for Ubuntu) 2.38]
  ignore line: [COMPILER_PATH=/usr/lib/gcc/x86_64-linux-gnu/11/:/usr/lib/gcc/x86_64-linux-gnu/11/:/usr/lib/gcc/x86_64-linux-gnu/:/usr/lib/gcc/x86_64-linux-gnu/11/:/usr/lib/gcc/x86_64-linux-gnu/]
  ignore line: [LIBRARY_PATH=/usr/lib/gcc/x86_64-linux-gnu/11/:/usr/lib/gcc/x86_64-linux-gnu/11/../../../x86_64-linux-gnu/:/usr/lib/gcc/x86_64-linux-gnu/11/../../../../lib/:/lib/x86_64-linux-gnu/:/lib/../lib/:/usr/lib/x86_64-linux-gnu/:/usr/lib/../lib/:/usr/lib/gcc/x86_64-linux-gnu/11/../../../:/lib/:/usr/lib/]
  ignore line: [COLLECT_GCC_OPTIONS='-v' '-o' 'CMakeFiles/cmTC_d587f.dir/CMakeCXXCompilerABI.cpp.o' '-c' '-shared-libgcc' '-mtune=generic' '-march=x86-64' '-dumpdir' 'CMakeFiles/cmTC_d587f.dir/CMakeCXXCompilerABI.cpp.']
  ignore line: [Linking CXX executable cmTC_d587f]
  ignore line: [/usr/bin/cmake -E cmake_link_script CMakeFiles/cmTC_d587f.dir/link.txt --verbose=1]
  ignore line: [/usr/bin/c++  -v CMakeFiles/cmTC_d587f.dir/CMakeCXXCompilerABI.cpp.o -o cmTC_d587f ]
  ignore line: [Using built-in specs.]
  ignore line: [COLLECT_GCC=/usr/bin/c++]
  ignore line: [COLLECT_LTO_WRAPPER=/usr/lib/gcc/x86_64-linux-gnu/11/lto-wrapper]
  ignore line: [OFFLOAD_TARGET_NAMES=nvptx-none:amdgcn-amdhsa]
  ignore line: [OFFLOAD_TARGET_DEFAULT=1]
  ignore line: [Target: x86_64-linux-gnu]
  ignore line: [Configured with: ../src/configure -v --with-pkgversion='Ubuntu 11.4.0-1ubuntu1~22.04.2' --with-bugurl=file:///usr/share/doc/gcc-11/README.Bugs --enable-languages=c ada c++ go brig d fortran objc obj-c++ m2 --prefix=/usr --with-gcc-major-version-only --program-suffix=-11 --program-prefix=x86_64-linux-gnu- --enable-shared --enable-linker-build-id --libexecdir=/usr/lib --without-included-gettext --enable-threads=posix --libdir=/usr/lib --enable-nls --enable-bootstrap --enable-clocale=gnu --enable-libstdcxx-debug --enable-libstdcxx-time=yes --with-default-libstdcxx-abi=new --enable-gnu-unique-object --disable-vtable-verify --enable-plugin --enable-default-pie --with-system-zlib --enable-libphobos-checking=release --with-target-system-zlib=auto --enable-objc-gc=auto --enable-multiarch --disable-werror --enable-cet --with-arch-32=i686 --with-abi=m64 --with-multilib-list=m32 m64 mx32 --enable-multilib --with-tune=generic --enable-offload-targets=nvptx-none=/build/gcc-11-2Y5pKs/gcc-11-11.4.0/debian/tmp-nvptx/usr amdgcn-amdhsa=/build/gcc-11-2Y5pKs/gcc-11-11.4.0/debian/tmp-gcn/usr --without-cuda-driver --enable-checking=release --build=x86_64-linux-gnu --host=x86_64-linux-gnu --target=x86_64-linux-gnu --with-build-config=bootstrap-lto-lean --enable-link-serialization=2]
  ignore line: [Thread model: posix]
  ignore line: [Supported LTO compression algorithms: zlib zstd]
  ignore line: [gcc version 11.4.0 (Ubuntu 11.4.0-1ubuntu1~22.04.2) ]
  ignore line: [COMPILER_PATH=/usr/lib/gcc/x86_64-linux-gnu/11/:/usr/lib/gcc/x86_64-linux-gnu/11/:/usr/lib/gcc/x86_64-linux-gnu/:/usr/lib/gcc/x86_64-linux-gnu/11/:/usr/lib/gcc/x86_64-linux-gnu/]
  ignore line: [LIBRARY_PATH=/usr/lib/gcc/x86_64-linux-gnu/11/:/usr/lib/gcc/x86_64-linux-gnu/11/../../../x86_64-linux-gnu/:/usr/lib/gcc/x86_64-linux-gnu/11/../../../../lib/:/lib/x86_64-linux-gnu/:/lib/../lib/:/usr/lib/x86_64-linux-gnu/:/usr/lib/../lib/:/usr/lib/gcc/x86_64-linux-gnu/11/../../../:/lib/:/usr/lib/]
  ignore line: [COLLECT_GCC_OPTIONS='-v' '-o' 'cmTC_d587f' '-shared-libgcc' '-mtune=generic' '-march=x86-64' '-dumpdir' 'cmTC_d587f.']
  link line: [ /usr/lib/gcc/x86_64-linux-gnu/11/collect2 -plugin /usr/lib/gcc/x86_64-linux-gnu/11/liblto_plugin.so -plugin-opt=/usr/lib/gcc/x86_64-linux-gnu/11/lto-wrapper -plugin-opt=-fresolution=/tmp/ccnI0QnY.res -plugin-opt=-pass-through=-lgcc_s -plugin-opt=-pass-through=-lgcc -plugin-opt=-pass-through=-lc -plugin-opt=-pass-through=-lgcc_s -plugin-opt=-pass-through=-lgcc --build-id --eh-frame-hdr -m elf_x86_64 --hash-style=gnu --as-needed -dynamic-linker /lib64/ld-linux-x86-64.so.2 -pie -z now -z relro -o cmTC_d587f /usr/lib/gcc/x86_64-linux-gnu/11/../../../x86_64-linux-gnu/Scrt1.o /usr/lib/gcc/x86_64-linux-gnu/11/../../../x86_64-linux-gnu/crti.o /usr/lib/gcc/x86_64-linux-gnu/11/crtbeginS.o -L/usr/lib/gcc/x86_64-linux-gnu/11 -L/usr/lib/gcc/x86_64-linux-gnu/11/../../../x86_64-linux-gnu -L/usr/lib/gcc/x86_64-linux-gnu/11/../../../../lib -L/lib/x86_64-linux-gnu -L/lib/../lib -L/usr/lib/x86_64-linux-gnu -L/usr/lib/../lib -L/usr/lib/gcc/x86_64-linux-gnu/11/../../.. CMakeFiles/cmTC_d587f.dir/CMakeCXXCompilerABI.cpp.o -lstdc++ -lm -lgcc_s -lgcc -lc -lgcc_s -lgcc /usr/lib/gcc/x86_64-linux-gnu/11/crtendS.o /usr/lib/gcc/x86_64-linux-gnu/11/../../../x86_64-linux-gnu/crtn.o]
    arg [/usr/lib/gcc/x86_64-linux-gnu/11/collect2] ==> ignore
    arg [-plugin] ==> ignore
    arg [/usr/lib/gcc/x86_64-linux-gnu/11/liblto_plugin.so] ==> ignore
    arg [-plugin-opt=/usr/lib/gcc/x86_64-linux-gnu/11/lto-wrapper] ==> ignore
    arg [-plugin-opt=-fresolution=/tmp/ccnI0QnY.res] ==> ignore
    arg [-plugin-opt=-pass-through=-lgcc_s] ==> ignore
    arg [-plugin-opt=-pass-through=-lgcc] ==> ignore
    arg [-plugin-opt=-pass-through=-lc] ==> ignore
    arg [-plugin-opt=-pass-through=-lgcc_s] ==> ignore
    arg [-plugin-opt=-pass-through=-lgcc] ==> ignore
    arg [--build-id] ==> ignore
    arg [--eh-frame-hdr] ==> ignore
    arg [-m] ==> ignore
    arg [elf_x86_64] ==> ignore
    arg [--hash-style=gnu] ==> ignore
    arg [--as-needed] ==> ignore
    arg [-dynamic-linker] ==> ignore
    arg [/lib64/ld-linux-x86-64.so.2] ==> ignore
    arg [-pie] ==> ignore
    arg [-znow] ==> ignore
    arg [-zrelro] ==> ignore
    arg [-o] ==> ignore
    arg [cmTC_d587f] ==> ignore
    arg [/usr/lib/gcc/x86_64-linux-gnu/11/../../../x86_64-linux-gnu/Scrt1.o] ==> obj [/usr/lib/gcc/x86_64-linux-gnu/11/../../../x86_64-linux-gnu/Scrt1.o]
    arg [/usr/lib/gcc/x86_64-linux-gnu/11/../../../x86_64-linux-gnu/crti.o] ==> obj [/usr/lib/gcc/x86_64-linux-gnu/11/../../../x86_64-linux-gnu/crti.o]
    arg [/usr/lib/gcc/x86_64-linux-gnu/11/crtbeginS.o] ==> obj [/usr/lib/gcc/x86_64-linux-gnu/11/crtbeginS.o]
    arg [-L/usr/lib/gcc/x86_64-linux-gnu/11] ==> dir [/usr/lib/gcc/x86_64-linux-gnu/11]
    arg [-L/usr/lib/gcc/x86_64-linux-gnu/11/../../../x86_64-linux-gnu] ==> dir [/usr/lib/gcc/x86_64-linux-gnu/11/../../../x86_64-linux-gnu]
    arg [-L/usr/lib/gcc/x86_64-linux-gnu/11/../../../../lib] ==> dir [/usr/lib/gcc/x86_64-linux-gnu/11/../../../../lib]
    arg [-L/lib/x86_64-linux-gnu] ==> dir [/lib/x86_64-linux-gnu]
    arg [-L/lib/../lib] ==> dir [/lib/../lib]
    arg [-L/usr/lib/x86_64-linux-gnu] ==> dir [/usr/lib/x86_64-linux-gnu]
    arg [-L/usr/lib/../lib] ==> dir [/usr/lib/../lib]
    arg [-L/usr/lib/gcc/x86_64-linux-gnu/11/../../..] ==> dir [/usr/lib/gcc/x86_64-linux-gnu/11/../../..]
    arg [CMakeFiles/cmTC_d587f.dir/CMakeCXXCompilerABI.cpp.o] ==> ignore
    arg [-lstdc++] ==> lib [stdc++]
    arg [-lm] ==> lib [m]
    arg [-lgcc_s] ==> lib [gcc_s]
    arg [-lgcc] ==> lib [gcc]
    arg [-lc] ==> lib [c]
    arg [-lgcc_s] ==> lib [gcc_s]
    arg [-lgcc] ==> lib [gcc]
    arg [/usr/lib/gcc/x86_64-linux-gnu/11/crtendS.o] ==> obj [/usr/lib/gcc/x86_64-linux-gnu/11/crtendS.o]
    arg [/usr/lib/gcc/x86_64-linux-gnu/11/../../../x86_64-linux-gnu/crtn.o] ==> obj [/usr/lib/gcc/x86_64-linux-gnu/11/../../../x86_64-linux-gnu/crtn.o]
  collapse obj [/usr/lib/gcc/x86_64-linux-gnu/11/../../../x86_64-linux-gnu/Scrt1.o] ==> [/usr/lib/x86_64-linux-gnu/Scrt1.o]
  collapse obj [/usr/lib/gcc/x86_64-linux-gnu/11/../../../x86_64-linux-gnu/crti.o] ==> [/usr/lib/x86_64-linux-gnu/crti.o]
  collapse obj [/usr/lib/gcc/x86_64-linux-gnu/11/../../../x86_64-linux-gnu/crtn.o] ==> [/usr/lib/x86_64-linux-gnu/crtn.o]
  collapse library dir [/usr/lib/gcc/x86_64-linux-gnu/11] ==> [/usr/lib/gcc/x86_64-linux-gnu/11]
  collapse library dir [/usr/lib/gcc/x86_64-linux-gnu/11/../../../x86_64-linux-gnu] ==> [/usr/lib/x86_64-linux-gnu]
  collapse library dir [/usr/lib/gcc/x86_64-linux-gnu/11/../../../../lib] ==> [/usr/lib]
  collapse library dir [/lib/x86_64-linux-gnu] ==> [/lib/x86_64-linux-gnu]
  collapse library dir [/lib/../lib] ==> [/lib]
  collapse library dir [/usr/lib/x86_64-linux-gnu] ==> [/usr/lib/x86_64-linux-gnu]
  collapse library dir [/usr/lib/../lib] ==> [/usr/lib]
  collapse library dir [/usr/lib/gcc/x86_64-linux-gnu/11/../../..] ==> [/usr/lib]
  implicit libs: [stdc++;m;gcc_s;gcc;c;gcc_s;gcc]
  implicit objs: [/usr/lib/x86_64-linux-gnu/Scrt1.o;/usr/lib/x86_64-linux-gnu/crti.o;/usr/lib/gcc/x86_64-linux-gnu/11/crtbeginS.o;/usr/lib/gcc/x86_64-linux-gnu/11/crtendS.o;/usr/lib/x86_64-linux-gnu/crtn.o]
  implicit dirs: [/usr/lib/gcc/x86_64-linux-gnu/11;/usr/lib/x86_64-linux-gnu;/usr/lib;/lib/x86_64-linux-gnu;/lib]
  implicit fwks: []


Detecting C compiler ABI info compiled with the following output:
Change Dir: /home/blubridge-040/Desktop/permanant/binary-function-definition/build/CMakeFiles/CMakeTmp

Run Build Command(s):/usr/bin/gmake -f Makefile cmTC_e028e/fast && /usr/bin/gmake  -f CMakeFiles/cmTC_e028e.dir/build.make CMakeFiles/cmTC_e028e.dir/build
gmake[1]: Entering directory '/home/blubridge-040/Desktop/permanant/binary-function-definition/build/CMakeFiles/CMakeTmp'
Building C object CMakeFiles/cmTC_e028e.dir/CMakeCCompilerABI.c.o
/usr/bin/cc   -v -o CMakeFiles/cmTC_e028e.dir/CMakeCCompilerABI.c.o -c /usr/share/cmake-3.22/Modules/CMakeCCompilerABI.c
Using built-in specs.
COLLECT_GCC=/usr/bin/cc
OFFLOAD_TARGET_NAMES=nvptx-none:amdgcn-amdhsa
OFFLOAD_TARGET_DEFAULT=1
Target: x86_64-linux-gnu
Configured with: ../src/configure -v --with-pkgversion='Ubuntu 11.4.0-1ubuntu1~22.04.2' --with-bugurl=file:///usr/share/doc/gcc-11/README.Bugs --enable-languages=c,ada,c++,go,brig,d,fortran,objc,obj-c++,m2 --prefix=/usr --with-gcc-major-version-only --program-suffix=-11 --program-prefix=x86_64-linux-gnu- --enable-shared --enable-linker-build-id --libexecdir=/usr/lib --without-included-gettext --enable-threads=posix --libdir=/usr/lib --enable-nls --enable-bootstrap --enable-clocale=gnu --enable-libstdcxx-debug --enable-libstdcxx-time=yes --with-default-libstdcxx-abi=new --enable-gnu-unique-object --disable-vtable-verify --enable-plugin --enable-default-pie --with-system-zlib --enable-libphobos-checking=release --with-target-system-zlib=auto --enable-objc-gc=auto --enable-multiarch --disable-werror --enable-cet --with-arch-32=i686 --with-abi=m64 --with-multilib-list=m32,m64,mx32 --enable-multilib --with-tune=generic --enable-offload-targets=nvptx-none=/build/gcc-11-2Y5pKs/gcc-11-11.4.0/debian/tmp-nvptx/usr,amdgcn-amdhsa=/build/gcc-11-2Y5pKs/gcc-11-11.4.0/debian/tmp-gcn/usr --without-cuda-driver --enable-checking=release --build=x86_64-linux-gnu --host=x86_64-linux-gnu --target=x86_64-linux-gnu --with-build-config=bootstrap-lto-lean --enable-link-serialization=2
Thread model: posix
Supported LTO compression algorithms: zlib zstd
gcc version 11.4.0 (Ubuntu 11.4.0-1ubuntu1~22.04.2) 
COLLECT_GCC_OPTIONS='-v' '-o' 'CMakeFiles/cmTC_e028e.dir/CMakeCCompilerABI.c.o' '-c' '-mtune=generic' '-march=x86-64' '-dumpdir' 'CMakeFiles/cmTC_e028e.dir/'
 /usr/lib/gcc/x86_64-linux-gnu/11/cc1 -quiet -v -imultiarch x86_64-linux-gnu /usr/share/cmake-3.22/Modules/CMakeCCompilerABI.c -quiet -dumpdir CMakeFiles/cmTC_e028e.dir/ -dumpbase CMakeCCompilerABI.c.c -dumpbase-ext .c -mtune=generic -march=x86-64 -version -fasynchronous-unwind-tables -fstack-protector-strong -Wformat -Wformat-security -fstack-clash-protection -fcf-protection -o /tmp/cciJzsLC.s
GNU C17 (Ubuntu 11.4.0-1ubuntu1~22.04.2) version 11.4.0 (x86_64-linux-gnu)
	compiled by GNU C version 11.4.0, GMP version 6.2.1, MPFR version 4.1.0, MPC version 1.2.1, isl version isl-0.24-GMP

GGC heuristics: --param ggc-min-expand=100 --param ggc-min-heapsize=131072
ignoring nonexistent directory "/usr/local/include/x86_64-linux-gnu"
ignoring nonexistent directory "/usr/lib/gcc/x86_64-linux-gnu/11/include-fixed"
ignoring nonexistent directory "/usr/lib/gcc/x86_64-linux-gnu/11/../../../../x86_64-linux-gnu/include"
#include "..." search starts here:
#include <...> search starts here:
 /usr/lib/gcc/x86_64-linux-gnu/11/include
 /usr/local/include
 /usr/include/x86_64-linux-gnu
 /usr/include
End of search list.
GNU C17 (Ubuntu 11.4.0-1ubuntu1~22.04.2) version 11.4.0 (x86_64-linux-gnu)
	compiled by GNU C version 11.4.0, GMP version 6.2.1, MPFR version 4.1.0, MPC version 1.2.1, isl version isl-0.24-GMP

GGC heuristics: --param ggc-min-expand=100 --param ggc-min-heapsize=131072
Compiler executable checksum: 4011c2103cba78949d7e02d0f0047a3d
COLLECT_GCC_OPTIONS='-v' '-o' 'CMakeFiles/cmTC_e028e.dir/CMakeCCompilerABI.c.o' '-c' '-mtune=generic' '-march=x86-64' '-dumpdir' 'CMakeFiles/cmTC_e028e.dir/'
 as -v --64 -o CMakeFiles/cmTC_e028e.dir/CMakeCCompilerABI.c.o /tmp/cciJzsLC.s
GNU assembler version 2.38 (x86_64-linux-gnu) using BFD version (GNU Binutils for Ubuntu) 2.38
COMPILER_PATH=/usr/lib/gcc/x86_64-linux-gnu/11/:/usr/lib/gcc/x86_64-linux-gnu/11/:/usr/lib/gcc/x86_64-linux-gnu/:/usr/lib/gcc/x86_64-linux-gnu/11/:/usr/lib/gcc/x86_64-linux-gnu/
LIBRARY_PATH=/usr/lib/gcc/x86_64-linux-gnu/11/:/usr/lib/gcc/x86_64-linux-gnu/11/../../../x86_64-linux-gnu/:/usr/lib/gcc/x86_64-linux-gnu/11/../../../../lib/:/lib/x86_64-linux-gnu/:/lib/../lib/:/usr/lib/x86_64-linux-gnu/:/usr/lib/../lib/:/usr/lib/gcc/x86_64-linux-gnu/11/../../../:/lib/:/usr/lib/
COLLECT_GCC_OPTIONS='-v' '-o' 'CMakeFiles/cmTC_e028e.dir/CMakeCCompilerABI.c.o' '-c' '-mtune=generic' '-march=x86-64' '-dumpdir' 'CMakeFiles/cmTC_e028e.dir/CMakeCCompilerABI.c.'
Linking C executable cmTC_e028e
/usr/bin/cmake -E cmake_link_script CMakeFiles/cmTC_e028e.dir/link.txt --verbose=1
/usr/bin/cc  -v CMakeFiles/cmTC_e028e.dir/CMakeCCompilerABI.c.o -o cmTC_e028e 
Using built-in specs.
COLLECT_GCC=/usr/bin/cc
COLLECT_LTO_WRAPPER=/usr/lib/gcc/x86_64-linux-gnu/11/lto-wrapper
OFFLOAD_TARGET_NAMES=nvptx-none:amdgcn-amdhsa
OFFLOAD_TARGET_DEFAULT=1
Target: x86_64-linux-gnu
Configured with: ../src/configure -v --with-pkgversion='Ubuntu 11.4.0-1ubuntu1~22.04.2' --with-bugurl=file:///usr/share/doc/gcc-11/README.Bugs --enable-languages=c,ada,c++,go,brig,d,fortran,objc,obj-c++,m2 --prefix=/usr --with-gcc-major-version-only --program-suffix=-11 --program-prefix=x86_64-linux-gnu- --enable-shared --enable-linker-build-id --libexecdir=/usr/lib --without-included-gettext --enable-threads=posix --libdir=/usr/lib --enable-nls --enable-bootstrap --enable-clocale=gnu --enable-libstdcxx-debug --enable-libstdcxx-time=yes --with-default-libstdcxx-abi=new --enable-gnu-unique-object --disable-vtable-verify --enable-plugin --enable-default-pie --with-system-zlib --enable-libphobos-checking=release --with-target-system-zlib=auto --enable-objc-gc=auto --enable-multiarch --disable-werror --enable-cet --with-arch-32=i686 --with-abi=m64 --with-multilib-list=m32,m64,mx32 --enable-multilib --with-tune=generic --enable-offload-targets=nvptx-none=/build/gcc-11-2Y5pKs/gcc-11-11.4.0/debian/tmp-nvptx/usr,amdgcn-amdhsa=/build/gcc-11-2Y5pKs/gcc-11-11.4.0/debian/tmp-gcn/usr --without-cuda-driver --enable-checking=release --build=x86_64-linux-gnu --host=x86_64-linux-gnu --target=x86_64-linux-gnu --with-build-config=bootstrap-lto-lean --enable-link-serialization=2
Thread model: posix
Supported LTO compression algorithms: zlib zstd
gcc version 11.4.0 (Ubuntu 11.4.0-1ubuntu1~22.04.2) 
COMPILER_PATH=/usr/lib/gcc/x86_64-linux-gnu/11/:/usr/lib/gcc/x86_64-linux-gnu/11/:/usr/lib/gcc/x86_64-linux-gnu/:/usr/lib/gcc/x86_64-linux-gnu/11/:/usr/lib/gcc/x86_64-linux-gnu/
LIBRARY_PATH=/usr/lib/gcc/x86_64-linux-gnu/11/:/usr/lib/gcc/x86_64-linux-gnu/11/../../../x86_64-linux-gnu/:/usr/lib/gcc/x86_64-linux-gnu/11/../../../../lib/:/lib/x86_64-linux-gnu/:/lib/../lib/:/usr/lib/x86_64-linux-gnu/:/usr/lib/../lib/:/usr/lib/gcc/x86_64-linux-gnu/11/../../../:/lib/:/usr/lib/
COLLECT_GCC_OPTIONS='-v' '-o' 'cmTC_e028e' '-mtune=generic' '-march=x86-64' '-dumpdir' 'cmTC_e028e.'
 /usr/lib/gcc/x86_64-linux-gnu/11/collect2 -plugin /usr/lib/gcc/x86_64-linux-gnu/11/liblto_plugin.so -plugin-opt=/usr/lib/gcc/x86_64-linux-gnu/11/lto-wrapper -plugin-opt=-fresolution=/tmp/ccWC8uwV.res -plugin-opt=-pass-through=-lgcc -plugin-opt=-pass-through=-lgcc_s -plugin-opt=-pass-through=-lc -plugin-opt=-pass-through=-lgcc -plugin-opt=-pass-through=-lgcc_s --build-id --eh-frame-hdr -m elf_x86_64 --hash-style=gnu --as-needed -dynamic-linker /lib64/ld-linux-x86-64.so.2 -pie -z now -z relro -o cmTC_e028e /usr/lib/gcc/x86_64-linux-gnu/11/../../../x86_64-linux-gnu/Scrt1.o /usr/lib/gcc/x86_64-linux-gnu/11/../../../x86_64-linux-gnu/crti.o /usr/lib/gcc/x86_64-linux-gnu/11/crtbeginS.o -L/usr/lib/gcc/x86_64-linux-gnu/11 -L/usr/lib/gcc/x86_64-linux-gnu/11/../../../x86_64-linux-gnu -L/usr/lib/gcc/x86_64-linux-gnu/11/../../../../lib -L/lib/x86_64-linux-gnu -L/lib/../lib -L/usr/lib/x86_64-linux-gnu -L/usr/lib/../lib -L/usr/lib/gcc/x86_64-linux-gnu/11/../../.. CMakeFiles/cmTC_e028e.dir/CMakeCCompilerABI.c.o -lgcc --push-state --as-needed -lgcc_s --pop-state -lc -lgcc --push-state --as-needed -lgcc_s --pop-state /usr/lib/gcc/x86_64-linux-gnu/11/crtendS.o /usr/lib/gcc/x86_64-linux-gnu/11/../../../x86_64-linux-gnu/crtn.o
COLLECT_GCC_OPTIONS='-v' '-o' 'cmTC_e028e' '-mtune=generic' '-march=x86-64' '-dumpdir' 'cmTC_e028e.'
gmake[1]: Leaving directory '/home/blubridge-040/Desktop/permanant/binary-function-definition/build/CMakeFiles/CMakeTmp'



Parsed C implicit include dir info from above output: rv=done
  found start of include info
  found start of implicit include info
    add: [/usr/lib/gcc/x86_64-linux-gnu/11/include]
    add: [/usr/local/include]
    add: [/usr/include/x86_64-linux-gnu]
    add: [/usr/include]
  end of search list found
  collapse include dir [/usr/lib/gcc/x86_64-linux-gnu/11/include] ==> [/usr/lib/gcc/x86_64-linux-gnu/11/include]
  collapse include dir [/usr/local/include] ==> [/usr/local/include]
  collapse include dir [/usr/include/x86_64-linux-gnu] ==> [/usr/include/x86_64-linux-gnu]
  collapse include dir [/usr/include] ==> [/usr/include]
  implicit include dirs: [/usr/lib/gcc/x86_64-linux-gnu/11/include;/usr/local/include;/usr/include/x86_64-linux-gnu;/usr/include]


Parsed C implicit link information from above output:
  link line regex: [^( *|.*[/\])(ld|CMAKE_LINK_STARTFILE-NOTFOUND|([^/\]+-)?ld|collect2)[^/\]*( |$)]
  ignore line: [Change Dir: /home/blubridge-040/Desktop/permanant/binary-function-definition/build/CMakeFiles/CMakeTmp]
  ignore line: []
  ignore line: [Run Build Command(s):/usr/bin/gmake -f Makefile cmTC_e028e/fast && /usr/bin/gmake  -f CMakeFiles/cmTC_e028e.dir/build.make CMakeFiles/cmTC_e028e.dir/build]
  ignore line: [gmake[1]: Entering directory '/home/blubridge-040/Desktop/permanant/binary-function-definition/build/CMakeFiles/CMakeTmp']
  ignore line: [Building C object CMakeFiles/cmTC_e028e.dir/CMakeCCompilerABI.c.o]
  ignore line: [/usr/bin/cc   -v -o CMakeFiles/cmTC_e028e.dir/CMakeCCompilerABI.c.o -c /usr/share/cmake-3.22/Modules/CMakeCCompilerABI.c]
  ignore line: [Using built-in specs.]
  ignore line: [COLLECT_GCC=/usr/bin/cc]
  ignore line: [OFFLOAD_TARGET_NAMES=nvptx-none:amdgcn-amdhsa]
  ignore line: [OFFLOAD_TARGET_DEFAULT=1]
  ignore line: [Target: x86_64-linux-gnu]
  ignore line: [Configured with: ../src/configure -v --with-pkgversion='Ubuntu 11.4.0-1ubuntu1~22.04.2' --with-bugurl=file:///usr/share/doc/gcc-11/README.Bugs --enable-languages=c ada c++ go brig d fortran objc obj-c++ m2 --prefix=/usr --with-gcc-major-version-only --program-suffix=-11 --program-prefix=x86_64-linux-gnu- --enable-shared --enable-linker-build-id --libexecdir=/usr/lib --without-included-gettext --enable-threads=posix --libdir=/usr/lib --enable-nls --enable-bootstrap --enable-clocale=gnu --enable-libstdcxx-debug --enable-libstdcxx-time=yes --with-default-libstdcxx-abi=new --enable-gnu-unique-object --disable-vtable-verify --enable-plugin --enable-default-pie --with-system-zlib --enable-libphobos-checking=release --with-target-system-zlib=auto --enable-objc-gc=auto --enable-multiarch --disable-werror --enable-cet --with-arch-32=i686 --with-abi=m64 --with-multilib-list=m32 m64 mx32 --enable-multilib --with-tune=generic --enable-offload-targets=nvptx-none=/build/gcc-11-2Y5pKs/gcc-11-11.4.0/debian/tmp-nvptx/usr amdgcn-amdhsa=/build/gcc-11-2Y5pKs/gcc-11-11.4.0/debian/tmp-gcn/usr --without-cuda-driver --enable-checking=release --build=x86_64-linux-gnu --host=x86_64-linux-gnu --target=x86_64-linux-gnu --with-build-config=bootstrap-lto-lean --enable-link-serialization=2]
  ignore line: [Thread model: posix]
  ignore line: [Supported LTO compression algorithms: zlib zstd]
  ignore line: [gcc version 11.4.0 (Ubuntu 11.4.0-1ubuntu1~22.04.2) ]
  ignore line: [COLLECT_GCC_OPTIONS='-v' '-o' 'CMakeFiles/cmTC_e028e.dir/CMakeCCompilerABI.c.o' '-c' '-mtune=generic' '-march=x86-64' '-dumpdir' 'CMakeFiles/cmTC_e028e.dir/']
  ignore line: [ /usr/lib/gcc/x86_64-linux-gnu/11/cc1 -quiet -v -imultiarch x86_64-linux-gnu /usr/share/cmake-3.22/Modules/CMakeCCompilerABI.c -quiet -dumpdir CMakeFiles/cmTC_e028e.dir/ -dumpbase CMakeCCompilerABI.c.c -dumpbase-ext .c -mtune=generic -march=x86-64 -version -fasynchronous-unwind-tables -fstack-protector-strong -Wformat -Wformat-security -fstack-clash-protection -fcf-protection -o /tmp/cciJzsLC.s]
  ignore line: [GNU C17 (Ubuntu 11.4.0-1ubuntu1~22.04.2) version 11.4.0 (x86_64-linux-gnu)]
  ignore line: [	compiled by GNU C version 11.4.0  GMP version 6.2.1  MPFR version 4.1.0  MPC version 1.2.1  isl version isl-0.24-GMP]
  ignore line: []
  ignore line: [GGC heuristics: --param ggc-min-expand=100 --param ggc-min-heapsize=131072]
  ignore line: [ignoring nonexistent directory "/usr/local/include/x86_64-linux-gnu"]
  ignore line: [ignoring nonexistent directory "/usr/lib/gcc/x86_64-linux-gnu/11/include-fixed"]
  ignore line: [ignoring nonexistent directory "/usr/lib/gcc/x86_64-linux-gnu/11/../../../../x86_64-linux-gnu/include"]
  ignore line: [#include "..." search starts here:]
  ignore line: [#include <...> search starts here:]
  ignore line: [ /usr/lib/gcc/x86_64-linux-gnu/11/include]
  ignore line: [ /usr/local/include]
  ignore line: [ /usr/include/x86_64-linux-gnu]
  ignore line: [ /usr/include]
  ignore line: [End of search list.]
  ignore line: [GNU C17 (Ubuntu 11.4.0-1ubuntu1~22.04.2) version 11.4.0 (x86_64-linux-gnu)]
  ignore line: [	compiled by GNU C version 11.4.0  GMP version 6.2.1  MPFR version 4.1.0  MPC version 1.2.1  isl version isl-0.24-GMP]
  ignore line: []
  ignore line: [GGC heuristics: --param ggc-min-expand=100 --param ggc-min-heapsize=131072]
  ignore line: [Compiler executable checksum: 4011c2103cba78949d7e02d0f0047a3d]
  ignore line: [COLLECT_GCC_OPTIONS='-v' '-o' 'CMakeFiles/cmTC_e028e.dir/CMakeCCompilerABI.c.o' '-c' '-mtune=generic' '-march=x86-64' '-dumpdir' 'CMakeFiles/cmTC_e028e.dir/']
  ignore line: [ as -v --64 -o CMakeFiles/cmTC_e028e.dir/CMakeCCompilerABI.c.o /tmp/cciJzsLC.s]
  ignore line: [GNU assembler version 2.38 (x86_64-linux-gnu) using BFD version (GNU Binutils for Ubuntu) 2.38]
  ignore line: [COMPILER_PATH=/usr/lib/gcc/x86_64-linux-gnu/11/:/usr/lib/gcc/x86_64-linux-gnu/11/:/usr/lib/gcc/x86_64-linux-gnu/:/usr/lib/gcc/x86_64-linux-gnu/11/:/usr/lib/gcc/x86_64-linux-gnu/]
  ignore line: [LIBRARY_PATH=/usr/lib/gcc/x86_64-linux-gnu/11/:/usr/lib/gcc/x86_64-linux-gnu/11/../../../x86_64-linux-gnu/:/usr/lib/gcc/x86_64-linux-gnu/11/../../../../lib/:/lib/x86_64-linux-gnu/:/lib/../lib/:/usr/lib/x86_64-linux-gnu/:/usr/lib/../lib/:/usr/lib/gcc/x86_64-linux-gnu/11/../../../:/lib/:/usr/lib/]
  ignore line: [COLLECT_GCC_OPTIONS='-v' '-o' 'CMakeFiles/cmTC_e028e.dir/CMakeCCompilerABI.c.o' '-c' '-mtune=generic' '-march=x86-64' '-dumpdir' 'CMakeFiles/cmTC_e028e.dir/CMakeCCompilerABI.c.']
  ignore line: [Linking C executable cmTC_e028e]
  ignore line: [/usr/bin/cmake -E cmake_link_script CMakeFiles/cmTC_e028e.dir/link.txt --verbose=1]
  ignore line: [/usr/bin/cc  -v CMakeFiles/cmTC_e028e.dir/CMakeCCompilerABI.c.o -o cmTC_e028e ]
  ignore line: [Using built-in specs.]
  ignore line: [COLLECT_GCC=/usr/bin/cc]
  ignore line: [COLLECT_LTO_WRAPPER=/usr/lib/gcc/x86_64-linux-gnu/11/lto-wrapper]
  ignore line: [OFFLOAD_TARGET_NAMES=nvptx-none:amdgcn-amdhsa]
  ignore line: [OFFLOAD_TARGET_DEFAULT=1]
  ignore line: [Target: x86_64-linux-gnu]
  ignore line: [Configured with: ../src/configure -v --with-pkgversion='Ubuntu 11.4.0-1ubuntu1~22.04.2' --with-bugurl=file:///usr/share/doc/gcc-11/README.Bugs --enable-languages=c ada c++ go brig d fortran objc obj-c++ m2 --prefix=/usr --with-gcc-major-version-only --program-suffix=-11 --program-prefix=x86_64-linux-gnu- --enable-shared --enable-linker-build-id --libexecdir=/usr/lib --without-included-gettext --enable-threads=posix --libdir=/usr/lib --enable-nls --enable-bootstrap --enable-clocale=gnu --enable-libstdcxx-debug --enable-libstdcxx-time=yes --with-default-libstdcxx-abi=new --enable-gnu-unique-object --disable-vtable-verify --enable-plugin --enable-default-pie --with-system-zlib --enable-libphobos-checking=release --with-target-system-zlib=auto --enable-objc-gc=auto --enable-multiarch --disable-werror --enable-cet --with-arch-32=i686 --with-abi=m64 --with-multilib-list=m32 m64 mx32 --enable-multilib --with-tune=generic --enable-offload-targets=nvptx-none=/build/gcc-11-2Y5pKs/gcc-11-11.4.0/debian/tmp-nvptx/usr amdgcn-amdhsa=/build/gcc-11-2Y5pKs/gcc-11-11.4.0/debian/tmp-gcn/usr --without-cuda-driver --enable-checking=release --build=x86_64-linux-gnu --host=x86_64-linux-gnu --target=x86_64-linux-gnu --with-build-config=bootstrap-lto-lean --enable-link-serialization=2]
  ignore line: [Thread model: posix]
  ignore line: [Supported LTO compression algorithms: zlib zstd]
  ignore line: [gcc version 11.4.0 (Ubuntu 11.4.0-1ubuntu1~22.04.2) ]
  ignore line: [COMPILER_PATH=/usr/lib/gcc/x86_64-linux-gnu/11/:/usr/lib/gcc/x86_64-linux-gnu/11/:/usr/lib/gcc/x86_64-linux-gnu/:/usr/lib/gcc/x86_64-linux-gnu/11/:/usr/lib/gcc/x86_64-linux-gnu/]
  ignore line: [LIBRARY_PATH=/usr/lib/gcc/x86_64-linux-gnu/11/:/usr/lib/gcc/x86_64-linux-gnu/11/../../../x86_64-linux-gnu/:/usr/lib/gcc/x86_64-linux-gnu/11/../../../../lib/:/lib/x86_64-linux-gnu/:/lib/../lib/:/usr/lib/x86_64-linux-gnu/:/usr/lib/../lib/:/usr/lib/gcc/x86_64-linux-gnu/11/../../../:/lib/:/usr/lib/]
  ignore line: [COLLECT_GCC_OPTIONS='-v' '-o' 'cmTC_e028e' '-mtune=generic' '-march=x86-64' '-dumpdir' 'cmTC_e028e.']
  link line: [ /usr/lib/gcc/x86_64-linux-gnu/11/collect2 -plugin /usr/lib/gcc/x86_64-linux-gnu/11/liblto_plugin.so -plugin-opt=/usr/lib/gcc/x86_64-linux-gnu/11/lto-wrapper -plugin-opt=-fresolution=/tmp/ccWC8uwV.res -plugin-opt=-pass-through=-lgcc -plugin-opt=-pass-through=-lgcc_s -plugin-opt=-pass-through=-lc -plugin-opt=-pass-through=-lgcc -plugin-opt=-pass-through=-lgcc_s --build-id --eh-frame-hdr -m elf_x86_64 --hash-style=gnu --as-needed -dynamic-linker /lib64/ld-linux-x86-64.so.2 -pie -z now -z relro -o cmTC_e028e /usr/lib/gcc/x86_64-linux-gnu/11/../../../x86_64-linux-gnu/Scrt1.o /usr/lib/gcc/x86_64-linux-gnu/11/../../../x86_64-linux-gnu/crti.o /usr/lib/gcc/x86_64-linux-gnu/11/crtbeginS.o -L/usr/lib/gcc/x86_64-linux-gnu/11 -L/usr/lib/gcc/x86_64-linux-gnu/11/../../../x86_64-linux-gnu -L/usr/lib/gcc/x86_64-linux-gnu/11/../../../../lib -L/lib/x86_64-linux-gnu -L/lib/../lib -L/usr/lib/x86_64-linux-gnu -L/usr/lib/../lib -L/usr/lib/gcc/x86_64-linux-gnu/11/../../.. CMakeFiles/cmTC_e028e.dir/CMakeCCompilerABI.c.o -lgcc --push-state --as-needed -lgcc_s --pop-state -lc -lgcc --push-state --as-needed -lgcc_s --pop-state /usr/lib/gcc/x86_64-linux-gnu/11/crtendS.o /usr/lib/gcc/x86_64-linux-gnu/11/../../../x86_64-linux-gnu/crtn.o]
    arg [/usr/lib/gcc/x86_64-linux-gnu/11/collect2] ==> ignore
    arg [-plugin] ==> ignore
    arg [/usr/lib/gcc/x86_64-linux-gnu/11/liblto_plugin.so] ==> ignore
    arg [-plugin-opt=/usr/lib/gcc/x86_64-linux-gnu/11/lto-wrapper] ==> ignore
    arg [-plugin-opt=-fresolution=/tmp/ccWC8uwV.res] ==> ignore
    arg [-plugin-opt=-pass-through=-lgcc] ==> ignore
    arg [-plugin-opt=-pass-through=-lgcc_s] ==> ignore
    arg [-plugin-opt=-pass-through=-lc] ==> ignore
    arg [-plugin-opt=-pass-through=-lgcc] ==> ignore
    arg [-plugin-opt=-pass-through=-lgcc_s] ==> ignore
    arg [--build-id] ==> ignore
    arg [--eh-frame-hdr] ==> ignore
    arg [-m] ==> ignore
    arg [elf_x86_64] ==> ignore
    arg [--hash-style=gnu] ==> ignore
    arg [--as-needed] ==> ignore
    arg [-dynamic-linker] ==> ignore
    arg [/lib64/ld-linux-x86-64.so.2] ==> ignore
    arg [-pie] ==> ignore
    arg [-znow] ==> ignore
    arg [-zrelro] ==> ignore
    arg [-o] ==> ignore
    arg [cmTC_e028e] ==> ignore
    arg [/usr/lib/gcc/x86_64-linux-gnu/11/../../../x86_64-linux-gnu/Scrt1.o] ==> obj [/usr/lib/gcc/x86_64-linux-gnu/11/../../../x86_64-linux-gnu/Scrt1.o]
    arg [/usr/lib/gcc/x86_64-linux-gnu/11/../../../x86_64-linux-gnu/crti.o] ==> obj [/usr/lib/gcc/x86_64-linux-gnu/11/../../../x86_64-linux-gnu/crti.o]
    arg [/usr/lib/gcc/x86_64-linux-gnu/11/crtbeginS.o] ==> obj [/usr/lib/gcc/x86_64-linux-gnu/11/crtbeginS.o]
    arg [-L/usr/lib/gcc/x86_64-linux-gnu/11] ==> dir [/usr/lib/gcc/x86_64-linux-gnu/11]
    arg [-L/usr/lib/gcc/x86_64-linux-gnu/11/../../../x86_64-linux-gnu] ==> dir [/usr/lib/gcc/x86_64-linux-gnu/11/../../../x86_64-linux-gnu]
    arg [-L/usr/lib/gcc/x86_64-linux-gnu/11/../../../../lib] ==> dir [/usr/lib/gcc/x86_64-linux-gnu/11/../../../../lib]
    arg [-L/lib/x86_64-linux-gnu] ==> dir [/lib/x86_64-linux-gnu]
    arg [-L/lib/../lib] ==> dir [/lib/../lib]
    arg [-L/usr/lib/x86_64-linux-gnu] ==> dir [/usr/lib/x86_64-linux-gnu]
    arg [-L/usr/lib/../lib] ==> dir [/usr/lib/../lib]
    arg [-L/usr/lib/gcc/x86_64-linux-gnu/11/../../..] ==> dir [/usr/lib/gcc/x86_64-linux-gnu/11/../../..]
    arg [CMakeFiles/cmTC_e028e.dir/CMakeCCompilerABI.c.o] ==> ignore
    arg [-lgcc] ==> lib [gcc]
    arg [--push-state] ==> ignore
    arg [--as-needed] ==> ignore
    arg [-lgcc_s] ==> lib [gcc_s]
    arg [--pop-state] ==> ignore
    arg [-lc] ==> lib [c]
    arg [-lgcc] ==> lib [gcc]
    arg [--push-state] ==> ignore
    arg [--as-needed] ==> ignore
    arg [-lgcc_s] ==> lib [gcc_s]
    arg [--pop-state] ==> ignore
    arg [/usr/lib/gcc/x86_64-linux-gnu/11/crtendS.o] ==> obj [/usr/lib/gcc/x86_64-linux-gnu/11/crtendS.o]
    arg [/usr/lib/gcc/x86_64-linux-gnu/11/../../../x86_64-linux-gnu/crtn.o] ==> obj [/usr/lib/gcc/x86_64-linux-gnu/11/../../../x86_64-linux-gnu/crtn.o]
  collapse obj [/usr/lib/gcc/x86_64-linux-gnu/11/../../../x86_64-linux-gnu/Scrt1.o] ==> [/usr/lib/x86_64-linux-gnu/Scrt1.o]
  collapse obj [/usr/lib/gcc/x86_64-linux-gnu/11/../../../x86_64-linux-gnu/crti.o] ==> [/usr/lib/x86_64-linux-gnu/crti.o]
  collapse obj [/usr/lib/gcc/x86_64-linux-gnu/11/../../../x86_64-linux-gnu/crtn.o] ==> [/usr/lib/x86_64-linux-gnu/crtn.o]
  collapse library dir [/usr/lib/gcc/x86_64-linux-gnu/11] ==> [/usr/lib/gcc/x86_64-linux-gnu/11]
  collapse library dir [/usr/lib/gcc/x86_64-linux-gnu/11/../../../x86_64-linux-gnu] ==> [/usr/lib/x86_64-linux-gnu]
  collapse library dir [/usr/lib/gcc/x86_64-linux-gnu/11/../../../../lib] ==> [/usr/lib]
  collapse library dir [/lib/x86_64-linux-gnu] ==> [/lib/x86_64-linux-gnu]
  collapse library dir [/lib/../lib] ==> [/lib]
  collapse library dir [/usr/lib/x86_64-linux-gnu] ==> [/usr/lib/x86_64-linux-gnu]
  collapse library dir [/usr/lib/../lib] ==> [/usr/lib]
  collapse library dir [/usr/lib/gcc/x86_64-linux-gnu/11/../../..] ==> [/usr/lib]
  implicit libs: [gcc;gcc_s;c;gcc;gcc_s]
  implicit objs: [/usr/lib/x86_64-linux-gnu/Scrt1.o;/usr/lib/x86_64-linux-gnu/crti.o;/usr/lib/gcc/x86_64-linux-gnu/11/crtbeginS.o;/usr/lib/gcc/x86_64-linux-gnu/11/crtendS.o;/usr/lib/x86_64-linux-gnu/crtn.o]
  implicit dirs: [/usr/lib/gcc/x86_64-linux-gnu/11;/usr/lib/x86_64-linux-gnu;/usr/lib;/lib/x86_64-linux-gnu;/lib]
  implicit fwks: []


Performing C SOURCE FILE Test Terminfo_LINKABLE succeeded with the following output:
Change Dir: /home/blubridge-040/Desktop/permanant/binary-function-definition/build/CMakeFiles/CMakeTmp

Run Build Command(s):/usr/bin/gmake -f Makefile cmTC_f5e51/fast && /usr/bin/gmake  -f CMakeFiles/cmTC_f5e51.dir/build.make CMakeFiles/cmTC_f5e51.dir/build
gmake[1]: Entering directory '/home/blubridge-040/Desktop/permanant/binary-function-definition/build/CMakeFiles/CMakeTmp'
Building C object CMakeFiles/cmTC_f5e51.dir/src.c.o
/usr/bin/cc -DTerminfo_LINKABLE  -fPIE -o CMakeFiles/cmTC_f5e51.dir/src.c.o -c /home/blubridge-040/Desktop/permanant/binary-function-definition/build/CMakeFiles/CMakeTmp/src.c
Linking C executable cmTC_f5e51
/usr/bin/cmake -E cmake_link_script CMakeFiles/cmTC_f5e51.dir/link.txt --verbose=1
/usr/bin/cc CMakeFiles/cmTC_f5e51.dir/src.c.o -o cmTC_f5e51  /usr/lib/x86_64-linux-gnu/libtinfo.so 
gmake[1]: Leaving directory '/home/blubridge-040/Desktop/permanant/binary-function-definition/build/CMakeFiles/CMakeTmp'


Source file was:

    int setupterm(char *term, int filedes, int *errret);
    int main(void) { return setupterm(0, 0, 0); }
Performing C SOURCE FILE Test C_SUPPORTS_FPIC succeeded with the following output:
Change Dir: /home/blubridge-040/Desktop/permanant/binary-function-definition/build/CMakeFiles/CMakeTmp

Run Build Command(s):/usr/bin/gmake -f Makefile cmTC_4a30a/fast && /usr/bin/gmake  -f CMakeFiles/cmTC_4a30a.dir/build.make CMakeFiles/cmTC_4a30a.dir/build
gmake[1]: Entering directory '/home/blubridge-040/Desktop/permanant/binary-function-definition/build/CMakeFiles/CMakeTmp'
Building C object CMakeFiles/cmTC_4a30a.dir/src.c.o
/usr/bin/cc -DC_SUPPORTS_FPIC  -fPIE   -Werror -fPIC -o CMakeFiles/cmTC_4a30a.dir/src.c.o -c /home/blubridge-040/Desktop/permanant/binary-function-definition/build/CMakeFiles/CMakeTmp/src.c
Linking C executable cmTC_4a30a
/usr/bin/cmake -E cmake_link_script CMakeFiles/cmTC_4a30a.dir/link.txt --verbose=1
/usr/bin/cc CMakeFiles/cmTC_4a30a.dir/src.c.o -o cmTC_4a30a 
gmake[1]: Leaving directory '/home/blubridge-040/Desktop/permanant/binary-function-definition/build/CMakeFiles/CMakeTmp'


Source file was:
int main(void) { return 0; }
Performing C++ SOURCE FILE Test CXX_SUPPORTS_FPIC succeeded with the following output:
Change Dir: /home/blubridge-040/Desktop/permanant/binary-function-definition/build/CMakeFiles/CMakeTmp

Run Build Command(s):/usr/bin/gmake -f Makefile cmTC_07f04/fast && /usr/bin/gmake  -f CMakeFiles/cmTC_07f04.dir/build.make CMakeFiles/cmTC_07f04.dir/build
gmake[1]: Entering directory '/home/blubridge-040/Desktop/permanant/binary-function-definition/build/CMakeFiles/CMakeTmp'
Building CXX object CMakeFiles/cmTC_07f04.dir/src.cxx.o
/usr/bin/c++ -DCXX_SUPPORTS_FPIC  -fPIE   -Werror -fPIC -o CMakeFiles/cmTC_07f04.dir/src.cxx.o -c /home/blubridge-040/Desktop/permanant/binary-function-definition/build/CMakeFiles/CMakeTmp/src.cxx
Linking CXX executable cmTC_07f04
/usr/bin/cmake -E cmake_link_script CMakeFiles/cmTC_07f04.dir/link.txt --verbose=1
/usr/bin/c++ CMakeFiles/cmTC_07f04.dir/src.cxx.o -o cmTC_07f04 
gmake[1]: Leaving directory '/home/blubridge-040/Desktop/permanant/binary-function-definition/build/CMakeFiles/CMakeTmp'


Source file was:
int main() { return 0; }
Performing C SOURCE FILE Test C_SUPPORTS_FNO_SEMANTIC_INTERPOSITION succeeded with the following output:
Change Dir: /home/blubridge-040/Desktop/permanant/binary-function-definition/build/CMakeFiles/CMakeTmp

Run Build Command(s):/usr/bin/gmake -f Makefile cmTC_9d723/fast && /usr/bin/gmake  -f CMakeFiles/cmTC_9d723.dir/build.make CMakeFiles/cmTC_9d723.dir/build
gmake[1]: Entering directory '/home/blubridge-040/Desktop/permanant/binary-function-definition/build/CMakeFiles/CMakeTmp'
Building C object CMakeFiles/cmTC_9d723.dir/src.c.o
/usr/bin/cc -DC_SUPPORTS_FNO_SEMANTIC_INTERPOSITION  -fPIC  -fPIE   -Werror -fno-semantic-interposition -o CMakeFiles/cmTC_9d723.dir/src.c.o -c /home/blubridge-040/Desktop/permanant/binary-function-definition/build/CMakeFiles/CMakeTmp/src.c
Linking C executable cmTC_9d723
/usr/bin/cmake -E cmake_link_script CMakeFiles/cmTC_9d723.dir/link.txt --verbose=1
/usr/bin/cc  -fPIC  CMakeFiles/cmTC_9d723.dir/src.c.o -o cmTC_9d723 
gmake[1]: Leaving directory '/home/blubridge-040/Desktop/permanant/binary-function-definition/build/CMakeFiles/CMakeTmp'


Source file was:
int main(void) { return 0; }
Performing C++ SOURCE FILE Test CXX_SUPPORTS_FNO_SEMANTIC_INTERPOSITION succeeded with the following output:
Change Dir: /home/blubridge-040/Desktop/permanant/binary-function-definition/build/CMakeFiles/CMakeTmp

Run Build Command(s):/usr/bin/gmake -f Makefile cmTC_da21c/fast && /usr/bin/gmake  -f CMakeFiles/cmTC_da21c.dir/build.make CMakeFiles/cmTC_da21c.dir/build
gmake[1]: Entering directory '/home/blubridge-040/Desktop/permanant/binary-function-definition/build/CMakeFiles/CMakeTmp'
Building CXX object CMakeFiles/cmTC_da21c.dir/src.cxx.o
/usr/bin/c++ -DCXX_SUPPORTS_FNO_SEMANTIC_INTERPOSITION  -fPIC  -fPIE   -Werror -fno-semantic-interposition -o CMakeFiles/cmTC_da21c.dir/src.cxx.o -c /home/blubridge-040/Desktop/permanant/binary-function-definition/build/CMakeFiles/CMakeTmp/src.cxx
Linking CXX executable cmTC_da21c
/usr/bin/cmake -E cmake_link_script CMakeFiles/cmTC_da21c.dir/link.txt --verbose=1
/usr/bin/c++  -fPIC  CMakeFiles/cmTC_da21c.dir/src.cxx.o -o cmTC_da21c 
gmake[1]: Leaving directory '/home/blubridge-040/Desktop/permanant/binary-function-definition/build/CMakeFiles/CMakeTmp'


Source file was:
int main() { return 0; }
Performing C++ SOURCE FILE Test SUPPORTS_FVISIBILITY_INLINES_HIDDEN_FLAG succeeded with the following output:
Change Dir: /home/blubridge-040/Desktop/permanant/binary-function-definition/build/CMakeFiles/CMakeTmp

Run Build Command(s):/usr/bin/gmake -f Makefile cmTC_b465e/fast && /usr/bin/gmake  -f CMakeFiles/cmTC_b465e.dir/build.make CMakeFiles/cmTC_b465e.dir/build
gmake[1]: Entering directory '/home/blubridge-040/Desktop/permanant/binary-function-definition/build/CMakeFiles/CMakeTmp'
Building CXX object CMakeFiles/cmTC_b465e.dir/src.cxx.o
/usr/bin/c++ -DSUPPORTS_FVISIBILITY_INLINES_HIDDEN_FLAG  -fPIC -fno-semantic-interposition  -fPIE   -fvisibility-inlines-hidden -o CMakeFiles/cmTC_b465e.dir/src.cxx.o -c /home/blubridge-040/Desktop/permanant/binary-function-definition/build/CMakeFiles/CMakeTmp/src.cxx
Linking CXX executable cmTC_b465e
/usr/bin/cmake -E cmake_link_script CMakeFiles/cmTC_b465e.dir/link.txt --verbose=1
/usr/bin/c++  -fPIC -fno-semantic-interposition  CMakeFiles/cmTC_b465e.dir/src.cxx.o -o cmTC_b465e 
gmake[1]: Leaving directory '/home/blubridge-040/Desktop/permanant/binary-function-definition/build/CMakeFiles/CMakeTmp'


Source file was:
int main() { return 0; }
Performing C SOURCE FILE Test C_SUPPORTS_WERROR_DATE_TIME succeeded with the following output:
Change Dir: /home/blubridge-040/Desktop/permanant/binary-function-definition/build/CMakeFiles/CMakeTmp

Run Build Command(s):/usr/bin/gmake -f Makefile cmTC_c51af/fast && /usr/bin/gmake  -f CMakeFiles/cmTC_c51af.dir/build.make CMakeFiles/cmTC_c51af.dir/build
gmake[1]: Entering directory '/home/blubridge-040/Desktop/permanant/binary-function-definition/build/CMakeFiles/CMakeTmp'
Building C object CMakeFiles/cmTC_c51af.dir/src.c.o
/usr/bin/cc -DC_SUPPORTS_WERROR_DATE_TIME  -fPIC -fno-semantic-interposition  -fPIE   -Werror -Werror=date-time -o CMakeFiles/cmTC_c51af.dir/src.c.o -c /home/blubridge-040/Desktop/permanant/binary-function-definition/build/CMakeFiles/CMakeTmp/src.c
Linking C executable cmTC_c51af
/usr/bin/cmake -E cmake_link_script CMakeFiles/cmTC_c51af.dir/link.txt --verbose=1
/usr/bin/cc  -fPIC -fno-semantic-interposition  CMakeFiles/cmTC_c51af.dir/src.c.o -o cmTC_c51af 
gmake[1]: Leaving directory '/home/blubridge-040/Desktop/permanant/binary-function-definition/build/CMakeFiles/CMakeTmp'


Source file was:
int main(void) { return 0; }
Performing C++ SOURCE FILE Test CXX_SUPPORTS_WERROR_DATE_TIME succeeded with the following output:
Change Dir: /home/blubridge-040/Desktop/permanant/binary-function-definition/build/CMakeFiles/CMakeTmp

Run Build Command(s):/usr/bin/gmake -f Makefile cmTC_1bca1/fast && /usr/bin/gmake  -f CMakeFiles/cmTC_1bca1.dir/build.make CMakeFiles/cmTC_1bca1.dir/build
gmake[1]: Entering directory '/home/blubridge-040/Desktop/permanant/binary-function-definition/build/CMakeFiles/CMakeTmp'
Building CXX object CMakeFiles/cmTC_1bca1.dir/src.cxx.o
/usr/bin/c++ -DCXX_SUPPORTS_WERROR_DATE_TIME  -fPIC -fno-semantic-interposition -fvisibility-inlines-hidden  -fPIE   -Werror -Werror=date-time -o CMakeFiles/cmTC_1bca1.dir/src.cxx.o -c /home/blubridge-040/Desktop/permanant/binary-function-definition/build/CMakeFiles/CMakeTmp/src.cxx
Linking CXX executable cmTC_1bca1
/usr/bin/cmake -E cmake_link_script CMakeFiles/cmTC_1bca1.dir/link.txt --verbose=1
/usr/bin/c++  -fPIC -fno-semantic-interposition -fvisibility-inlines-hidden  CMakeFiles/cmTC_1bca1.dir/src.cxx.o -o cmTC_1bca1 
gmake[1]: Leaving directory '/home/blubridge-040/Desktop/permanant/binary-function-definition/build/CMakeFiles/CMakeTmp'


Source file was:
int main() { return 0; }
Performing C SOURCE FILE Test C_SUPPORTS_CMAKE_CXX_FLAGS succeeded with the following output:
Change Dir: /home/blubridge-040/Desktop/permanant/binary-function-definition/build/CMakeFiles/CMakeTmp

Run Build Command(s):/usr/bin/gmake -f Makefile cmTC_dddec/fast && /usr/bin/gmake  -f CMakeFiles/cmTC_dddec.dir/build.make CMakeFiles/cmTC_dddec.dir/build
gmake[1]: Entering directory '/home/blubridge-040/Desktop/permanant/binary-function-definition/build/CMakeFiles/CMakeTmp'
Building C object CMakeFiles/cmTC_dddec.dir/src.c.o
/usr/bin/cc -DC_SUPPORTS_CMAKE_CXX_FLAGS  -fPIC -fno-semantic-interposition -Werror=date-time  -fPIE   -Werror -fno-lifetime-dse -o CMakeFiles/cmTC_dddec.dir/src.c.o -c /home/blubridge-040/Desktop/permanant/binary-function-definition/build/CMakeFiles/CMakeTmp/src.c
Linking C executable cmTC_dddec
/usr/bin/cmake -E cmake_link_script CMakeFiles/cmTC_dddec.dir/link.txt --verbose=1
/usr/bin/cc  -fPIC -fno-semantic-interposition -Werror=date-time  CMakeFiles/cmTC_dddec.dir/src.c.o -o cmTC_dddec 
gmake[1]: Leaving directory '/home/blubridge-040/Desktop/permanant/binary-function-definition/build/CMakeFiles/CMakeTmp'


Source file was:
int main(void) { return 0; }
Performing C++ SOURCE FILE Test CXX_SUPPORTS_CMAKE_CXX_FLAGS succeeded with the following output:
Change Dir: /home/blubridge-040/Desktop/permanant/binary-function-definition/build/CMakeFiles/CMakeTmp

Run Build Command(s):/usr/bin/gmake -f Makefile cmTC_b741c/fast && /usr/bin/gmake  -f CMakeFiles/cmTC_b741c.dir/build.make CMakeFiles/cmTC_b741c.dir/build
gmake[1]: Entering directory '/home/blubridge-040/Desktop/permanant/binary-function-definition/build/CMakeFiles/CMakeTmp'
Building CXX object CMakeFiles/cmTC_b741c.dir/src.cxx.o
/usr/bin/c++ -DCXX_SUPPORTS_CMAKE_CXX_FLAGS  -fPIC -fno-semantic-interposition -fvisibility-inlines-hidden -Werror=date-time  -fPIE   -Werror -fno-lifetime-dse -o CMakeFiles/cmTC_b741c.dir/src.cxx.o -c /home/blubridge-040/Desktop/permanant/binary-function-definition/build/CMakeFiles/CMakeTmp/src.cxx
Linking CXX executable cmTC_b741c
/usr/bin/cmake -E cmake_link_script CMakeFiles/cmTC_b741c.dir/link.txt --verbose=1
/usr/bin/c++  -fPIC -fno-semantic-interposition -fvisibility-inlines-hidden -Werror=date-time  CMakeFiles/cmTC_b741c.dir/src.cxx.o -o cmTC_b741c 
gmake[1]: Leaving directory '/home/blubridge-040/Desktop/permanant/binary-function-definition/build/CMakeFiles/CMakeTmp'


Source file was:
int main() { return 0; }
Performing C++ SOURCE FILE Test CXX_SUPPORTS_MISSING_FIELD_INITIALIZERS_FLAG succeeded with the following output:
Change Dir: /home/blubridge-040/Desktop/permanant/binary-function-definition/build/CMakeFiles/CMakeTmp

Run Build Command(s):/usr/bin/gmake -f Makefile cmTC_afd88/fast && /usr/bin/gmake  -f CMakeFiles/cmTC_afd88.dir/build.make CMakeFiles/cmTC_afd88.dir/build
gmake[1]: Entering directory '/home/blubridge-040/Desktop/permanant/binary-function-definition/build/CMakeFiles/CMakeTmp'
Building CXX object CMakeFiles/cmTC_afd88.dir/src.cxx.o
/usr/bin/c++ -DCXX_SUPPORTS_MISSING_FIELD_INITIALIZERS_FLAG  -fPIC -fno-semantic-interposition -fvisibility-inlines-hidden -Werror=date-time -fno-lifetime-dse -Wall -Wextra -Wno-unused-parameter -Wwrite-strings -Wcast-qual  -fPIE   -Wmissing-field-initializers -o CMakeFiles/cmTC_afd88.dir/src.cxx.o -c /home/blubridge-040/Desktop/permanant/binary-function-definition/build/CMakeFiles/CMakeTmp/src.cxx
Linking CXX executable cmTC_afd88
/usr/bin/cmake -E cmake_link_script CMakeFiles/cmTC_afd88.dir/link.txt --verbose=1
/usr/bin/c++  -fPIC -fno-semantic-interposition -fvisibility-inlines-hidden -Werror=date-time -fno-lifetime-dse -Wall -Wextra -Wno-unused-parameter -Wwrite-strings -Wcast-qual  CMakeFiles/cmTC_afd88.dir/src.cxx.o -o cmTC_afd88 
gmake[1]: Leaving directory '/home/blubridge-040/Desktop/permanant/binary-function-definition/build/CMakeFiles/CMakeTmp'


Source file was:
int main() { return 0; }
Performing C SOURCE FILE Test C_SUPPORTS_IMPLICIT_FALLTHROUGH_FLAG succeeded with the following output:
Change Dir: /home/blubridge-040/Desktop/permanant/binary-function-definition/build/CMakeFiles/CMakeTmp

Run Build Command(s):/usr/bin/gmake -f Makefile cmTC_0ce69/fast && /usr/bin/gmake  -f CMakeFiles/cmTC_0ce69.dir/build.make CMakeFiles/cmTC_0ce69.dir/build
gmake[1]: Entering directory '/home/blubridge-040/Desktop/permanant/binary-function-definition/build/CMakeFiles/CMakeTmp'
Building C object CMakeFiles/cmTC_0ce69.dir/src.c.o
/usr/bin/cc -DC_SUPPORTS_IMPLICIT_FALLTHROUGH_FLAG  -fPIC -fno-semantic-interposition -Werror=date-time -fno-lifetime-dse -Wall -Wextra -Wno-unused-parameter -Wwrite-strings -Wcast-qual -Wno-missing-field-initializers  -fPIE   -Werror -Wimplicit-fallthrough -o CMakeFiles/cmTC_0ce69.dir/src.c.o -c /home/blubridge-040/Desktop/permanant/binary-function-definition/build/CMakeFiles/CMakeTmp/src.c
Linking C executable cmTC_0ce69
/usr/bin/cmake -E cmake_link_script CMakeFiles/cmTC_0ce69.dir/link.txt --verbose=1
/usr/bin/cc  -fPIC -fno-semantic-interposition -Werror=date-time -fno-lifetime-dse -Wall -Wextra -Wno-unused-parameter -Wwrite-strings -Wcast-qual -Wno-missing-field-initializers  CMakeFiles/cmTC_0ce69.dir/src.c.o -o cmTC_0ce69 
gmake[1]: Leaving directory '/home/blubridge-040/Desktop/permanant/binary-function-definition/build/CMakeFiles/CMakeTmp'


Source file was:
int main(void) { return 0; }
Performing C++ SOURCE FILE Test CXX_SUPPORTS_IMPLICIT_FALLTHROUGH_FLAG succeeded with the following output:
Change Dir: /home/blubridge-040/Desktop/permanant/binary-function-definition/build/CMakeFiles/CMakeTmp

Run Build Command(s):/usr/bin/gmake -f Makefile cmTC_a667f/fast && /usr/bin/gmake  -f CMakeFiles/cmTC_a667f.dir/build.make CMakeFiles/cmTC_a667f.dir/build
gmake[1]: Entering directory '/home/blubridge-040/Desktop/permanant/binary-function-definition/build/CMakeFiles/CMakeTmp'
Building CXX object CMakeFiles/cmTC_a667f.dir/src.cxx.o
/usr/bin/c++ -DCXX_SUPPORTS_IMPLICIT_FALLTHROUGH_FLAG  -fPIC -fno-semantic-interposition -fvisibility-inlines-hidden -Werror=date-time -fno-lifetime-dse -Wall -Wextra -Wno-unused-parameter -Wwrite-strings -Wcast-qual -Wno-missing-field-initializers  -fPIE   -Werror -Wimplicit-fallthrough -o CMakeFiles/cmTC_a667f.dir/src.cxx.o -c /home/blubridge-040/Desktop/permanant/binary-function-definition/build/CMakeFiles/CMakeTmp/src.cxx
Linking CXX executable cmTC_a667f
/usr/bin/cmake -E cmake_link_script CMakeFiles/cmTC_a667f.dir/link.txt --verbose=1
/usr/bin/c++  -fPIC -fno-semantic-interposition -fvisibility-inlines-hidden -Werror=date-time -fno-lifetime-dse -Wall -Wextra -Wno-unused-parameter -Wwrite-strings -Wcast-qual -Wno-missing-field-initializers  CMakeFiles/cmTC_a667f.dir/src.cxx.o -o cmTC_a667f 
gmake[1]: Leaving directory '/home/blubridge-040/Desktop/permanant/binary-function-definition/build/CMakeFiles/CMakeTmp'


Source file was:
int main() { return 0; }
Performing C++ SOURCE FILE Test CXX_SUPPORTS_CLASS_MEMACCESS_FLAG succeeded with the following output:
Change Dir: /home/blubridge-040/Desktop/permanant/binary-function-definition/build/CMakeFiles/CMakeTmp

Run Build Command(s):/usr/bin/gmake -f Makefile cmTC_b011a/fast && /usr/bin/gmake  -f CMakeFiles/cmTC_b011a.dir/build.make CMakeFiles/cmTC_b011a.dir/build
gmake[1]: Entering directory '/home/blubridge-040/Desktop/permanant/binary-function-definition/build/CMakeFiles/CMakeTmp'
Building CXX object CMakeFiles/cmTC_b011a.dir/src.cxx.o
/usr/bin/c++ -DCXX_SUPPORTS_CLASS_MEMACCESS_FLAG  -fPIC -fno-semantic-interposition -fvisibility-inlines-hidden -Werror=date-time -fno-lifetime-dse -Wall -Wextra -Wno-unused-parameter -Wwrite-strings -Wcast-qual -Wno-missing-field-initializers -Wimplicit-fallthrough -Wno-nonnull  -fPIE   -Wclass-memaccess -o CMakeFiles/cmTC_b011a.dir/src.cxx.o -c /home/blubridge-040/Desktop/permanant/binary-function-definition/build/CMakeFiles/CMakeTmp/src.cxx
Linking CXX executable cmTC_b011a
/usr/bin/cmake -E cmake_link_script CMakeFiles/cmTC_b011a.dir/link.txt --verbose=1
/usr/bin/c++  -fPIC -fno-semantic-interposition -fvisibility-inlines-hidden -Werror=date-time -fno-lifetime-dse -Wall -Wextra -Wno-unused-parameter -Wwrite-strings -Wcast-qual -Wno-missing-field-initializers -Wimplicit-fallthrough -Wno-nonnull  CMakeFiles/cmTC_b011a.dir/src.cxx.o -o cmTC_b011a 
gmake[1]: Leaving directory '/home/blubridge-040/Desktop/permanant/binary-function-definition/build/CMakeFiles/CMakeTmp'


Source file was:
int main() { return 0; }
Performing C++ SOURCE FILE Test CXX_SUPPORTS_REDUNDANT_MOVE_FLAG succeeded with the following output:
Change Dir: /home/blubridge-040/Desktop/permanant/binary-function-definition/build/CMakeFiles/CMakeTmp

Run Build Command(s):/usr/bin/gmake -f Makefile cmTC_dc491/fast && /usr/bin/gmake  -f CMakeFiles/cmTC_dc491.dir/build.make CMakeFiles/cmTC_dc491.dir/build
gmake[1]: Entering directory '/home/blubridge-040/Desktop/permanant/binary-function-definition/build/CMakeFiles/CMakeTmp'
Building CXX object CMakeFiles/cmTC_dc491.dir/src.cxx.o
/usr/bin/c++ -DCXX_SUPPORTS_REDUNDANT_MOVE_FLAG  -fPIC -fno-semantic-interposition -fvisibility-inlines-hidden -Werror=date-time -fno-lifetime-dse -Wall -Wextra -Wno-unused-parameter -Wwrite-strings -Wcast-qual -Wno-missing-field-initializers -Wimplicit-fallthrough -Wno-nonnull -Wno-class-memaccess  -fPIE   -Wredundant-move -o CMakeFiles/cmTC_dc491.dir/src.cxx.o -c /home/blubridge-040/Desktop/permanant/binary-function-definition/build/CMakeFiles/CMakeTmp/src.cxx
Linking CXX executable cmTC_dc491
/usr/bin/cmake -E cmake_link_script CMakeFiles/cmTC_dc491.dir/link.txt --verbose=1
/usr/bin/c++  -fPIC -fno-semantic-interposition -fvisibility-inlines-hidden -Werror=date-time -fno-lifetime-dse -Wall -Wextra -Wno-unused-parameter -Wwrite-strings -Wcast-qual -Wno-missing-field-initializers -Wimplicit-fallthrough -Wno-nonnull -Wno-class-memaccess  CMakeFiles/cmTC_dc491.dir/src.cxx.o -o cmTC_dc491 
gmake[1]: Leaving directory '/home/blubridge-040/Desktop/permanant/binary-function-definition/build/CMakeFiles/CMakeTmp'


Source file was:
int main() { return 0; }
Performing C++ SOURCE FILE Test CXX_SUPPORTS_PESSIMIZING_MOVE_FLAG succeeded with the following output:
Change Dir: /home/blubridge-040/Desktop/permanant/binary-function-definition/build/CMakeFiles/CMakeTmp

Run Build Command(s):/usr/bin/gmake -f Makefile cmTC_f75bc/fast && /usr/bin/gmake  -f CMakeFiles/cmTC_f75bc.dir/build.make CMakeFiles/cmTC_f75bc.dir/build
gmake[1]: Entering directory '/home/blubridge-040/Desktop/permanant/binary-function-definition/build/CMakeFiles/CMakeTmp'
Building CXX object CMakeFiles/cmTC_f75bc.dir/src.cxx.o
/usr/bin/c++ -DCXX_SUPPORTS_PESSIMIZING_MOVE_FLAG  -fPIC -fno-semantic-interposition -fvisibility-inlines-hidden -Werror=date-time -fno-lifetime-dse -Wall -Wextra -Wno-unused-parameter -Wwrite-strings -Wcast-qual -Wno-missing-field-initializers -Wimplicit-fallthrough -Wno-nonnull -Wno-class-memaccess -Wno-redundant-move  -fPIE   -Wpessimizing-move -o CMakeFiles/cmTC_f75bc.dir/src.cxx.o -c /home/blubridge-040/Desktop/permanant/binary-function-definition/build/CMakeFiles/CMakeTmp/src.cxx
Linking CXX executable cmTC_f75bc
/usr/bin/cmake -E cmake_link_script CMakeFiles/cmTC_f75bc.dir/link.txt --verbose=1
/usr/bin/c++  -fPIC -fno-semantic-interposition -fvisibility-inlines-hidden -Werror=date-time -fno-lifetime-dse -Wall -Wextra -Wno-unused-parameter -Wwrite-strings -Wcast-qual -Wno-missing-field-initializers -Wimplicit-fallthrough -Wno-nonnull -Wno-class-memaccess -Wno-redundant-move  CMakeFiles/cmTC_f75bc.dir/src.cxx.o -o cmTC_f75bc 
gmake[1]: Leaving directory '/home/blubridge-040/Desktop/permanant/binary-function-definition/build/CMakeFiles/CMakeTmp'


Source file was:
int main() { return 0; }
Performing C++ SOURCE FILE Test CXX_SUPPORTS_NOEXCEPT_TYPE_FLAG succeeded with the following output:
Change Dir: /home/blubridge-040/Desktop/permanant/binary-function-definition/build/CMakeFiles/CMakeTmp

Run Build Command(s):/usr/bin/gmake -f Makefile cmTC_59802/fast && /usr/bin/gmake  -f CMakeFiles/cmTC_59802.dir/build.make CMakeFiles/cmTC_59802.dir/build
gmake[1]: Entering directory '/home/blubridge-040/Desktop/permanant/binary-function-definition/build/CMakeFiles/CMakeTmp'
Building CXX object CMakeFiles/cmTC_59802.dir/src.cxx.o
/usr/bin/c++ -DCXX_SUPPORTS_NOEXCEPT_TYPE_FLAG  -fPIC -fno-semantic-interposition -fvisibility-inlines-hidden -Werror=date-time -fno-lifetime-dse -Wall -Wextra -Wno-unused-parameter -Wwrite-strings -Wcast-qual -Wno-missing-field-initializers -Wimplicit-fallthrough -Wno-nonnull -Wno-class-memaccess -Wno-redundant-move -Wno-pessimizing-move  -fPIE   -Wnoexcept-type -o CMakeFiles/cmTC_59802.dir/src.cxx.o -c /home/blubridge-040/Desktop/permanant/binary-function-definition/build/CMakeFiles/CMakeTmp/src.cxx
Linking CXX executable cmTC_59802
/usr/bin/cmake -E cmake_link_script CMakeFiles/cmTC_59802.dir/link.txt --verbose=1
/usr/bin/c++  -fPIC -fno-semantic-interposition -fvisibility-inlines-hidden -Werror=date-time -fno-lifetime-dse -Wall -Wextra -Wno-unused-parameter -Wwrite-strings -Wcast-qual -Wno-missing-field-initializers -Wimplicit-fallthrough -Wno-nonnull -Wno-class-memaccess -Wno-redundant-move -Wno-pessimizing-move  CMakeFiles/cmTC_59802.dir/src.cxx.o -o cmTC_59802 
gmake[1]: Leaving directory '/home/blubridge-040/Desktop/permanant/binary-function-definition/build/CMakeFiles/CMakeTmp'


Source file was:
int main() { return 0; }
Performing C++ SOURCE FILE Test CXX_SUPPORTS_SUGGEST_OVERRIDE_FLAG succeeded with the following output:
Change Dir: /home/blubridge-040/Desktop/permanant/binary-function-definition/build/CMakeFiles/CMakeTmp

Run Build Command(s):/usr/bin/gmake -f Makefile cmTC_dc07e/fast && /usr/bin/gmake  -f CMakeFiles/cmTC_dc07e.dir/build.make CMakeFiles/cmTC_dc07e.dir/build
gmake[1]: Entering directory '/home/blubridge-040/Desktop/permanant/binary-function-definition/build/CMakeFiles/CMakeTmp'
Building CXX object CMakeFiles/cmTC_dc07e.dir/src.cxx.o
/usr/bin/c++ -DCXX_SUPPORTS_SUGGEST_OVERRIDE_FLAG  -fPIC -fno-semantic-interposition -fvisibility-inlines-hidden -Werror=date-time -fno-lifetime-dse -Wall -Wextra -Wno-unused-parameter -Wwrite-strings -Wcast-qual -Wno-missing-field-initializers -Wimplicit-fallthrough -Wno-nonnull -Wno-class-memaccess -Wno-redundant-move -Wno-pessimizing-move -Wno-noexcept-type -Wdelete-non-virtual-dtor  -fPIE   -Wsuggest-override -o CMakeFiles/cmTC_dc07e.dir/src.cxx.o -c /home/blubridge-040/Desktop/permanant/binary-function-definition/build/CMakeFiles/CMakeTmp/src.cxx
Linking CXX executable cmTC_dc07e
/usr/bin/cmake -E cmake_link_script CMakeFiles/cmTC_dc07e.dir/link.txt --verbose=1
/usr/bin/c++  -fPIC -fno-semantic-interposition -fvisibility-inlines-hidden -Werror=date-time -fno-lifetime-dse -Wall -Wextra -Wno-unused-parameter -Wwrite-strings -Wcast-qual -Wno-missing-field-initializers -Wimplicit-fallthrough -Wno-nonnull -Wno-class-memaccess -Wno-redundant-move -Wno-pessimizing-move -Wno-noexcept-type -Wdelete-non-virtual-dtor  CMakeFiles/cmTC_dc07e.dir/src.cxx.o -o cmTC_dc07e 
gmake[1]: Leaving directory '/home/blubridge-040/Desktop/permanant/binary-function-definition/build/CMakeFiles/CMakeTmp'


Source file was:
int main() { return 0; }
Performing C++ SOURCE FILE Test CXX_WSUGGEST_OVERRIDE_ALLOWS_ONLY_FINAL succeeded with the following output:
Change Dir: /home/blubridge-040/Desktop/permanant/binary-function-definition/build/CMakeFiles/CMakeTmp

Run Build Command(s):/usr/bin/gmake -f Makefile cmTC_81400/fast && /usr/bin/gmake  -f CMakeFiles/cmTC_81400.dir/build.make CMakeFiles/cmTC_81400.dir/build
gmake[1]: Entering directory '/home/blubridge-040/Desktop/permanant/binary-function-definition/build/CMakeFiles/CMakeTmp'
Building CXX object CMakeFiles/cmTC_81400.dir/src.cxx.o
/usr/bin/c++ -DCXX_WSUGGEST_OVERRIDE_ALLOWS_ONLY_FINAL  -fPIC -fno-semantic-interposition -fvisibility-inlines-hidden -Werror=date-time -fno-lifetime-dse -Wall -Wextra -Wno-unused-parameter -Wwrite-strings -Wcast-qual -Wno-missing-field-initializers -Wimplicit-fallthrough -Wno-nonnull -Wno-class-memaccess -Wno-redundant-move -Wno-pessimizing-move -Wno-noexcept-type -Wdelete-non-virtual-dtor  -Werror=suggest-override -fPIE -o CMakeFiles/cmTC_81400.dir/src.cxx.o -c /home/blubridge-040/Desktop/permanant/binary-function-definition/build/CMakeFiles/CMakeTmp/src.cxx
Linking CXX executable cmTC_81400
/usr/bin/cmake -E cmake_link_script CMakeFiles/cmTC_81400.dir/link.txt --verbose=1
/usr/bin/c++  -fPIC -fno-semantic-interposition -fvisibility-inlines-hidden -Werror=date-time -fno-lifetime-dse -Wall -Wextra -Wno-unused-parameter -Wwrite-strings -Wcast-qual -Wno-missing-field-initializers -Wimplicit-fallthrough -Wno-nonnull -Wno-class-memaccess -Wno-redundant-move -Wno-pessimizing-move -Wno-noexcept-type -Wdelete-non-virtual-dtor  -Werror=suggest-override CMakeFiles/cmTC_81400.dir/src.cxx.o -o cmTC_81400 
gmake[1]: Leaving directory '/home/blubridge-040/Desktop/permanant/binary-function-definition/build/CMakeFiles/CMakeTmp'


Source file was:
class base {public: virtual void anchor();};
                               class derived : base {public: void anchor() final;};
                               int main() { return 0; }
Performing C++ SOURCE FILE Test CXX_SUPPORTS_MISLEADING_INDENTATION_FLAG succeeded with the following output:
Change Dir: /home/blubridge-040/Desktop/permanant/binary-function-definition/build/CMakeFiles/CMakeTmp

Run Build Command(s):/usr/bin/gmake -f Makefile cmTC_64386/fast && /usr/bin/gmake  -f CMakeFiles/cmTC_64386.dir/build.make CMakeFiles/cmTC_64386.dir/build
gmake[1]: Entering directory '/home/blubridge-040/Desktop/permanant/binary-function-definition/build/CMakeFiles/CMakeTmp'
Building CXX object CMakeFiles/cmTC_64386.dir/src.cxx.o
/usr/bin/c++ -DCXX_SUPPORTS_MISLEADING_INDENTATION_FLAG  -fPIC -fno-semantic-interposition -fvisibility-inlines-hidden -Werror=date-time -fno-lifetime-dse -Wall -Wextra -Wno-unused-parameter -Wwrite-strings -Wcast-qual -Wno-missing-field-initializers -Wimplicit-fallthrough -Wno-nonnull -Wno-class-memaccess -Wno-redundant-move -Wno-pessimizing-move -Wno-noexcept-type -Wdelete-non-virtual-dtor -Wsuggest-override -Wno-comment  -fPIE   -Wmisleading-indentation -o CMakeFiles/cmTC_64386.dir/src.cxx.o -c /home/blubridge-040/Desktop/permanant/binary-function-definition/build/CMakeFiles/CMakeTmp/src.cxx
Linking CXX executable cmTC_64386
/usr/bin/cmake -E cmake_link_script CMakeFiles/cmTC_64386.dir/link.txt --verbose=1
/usr/bin/c++  -fPIC -fno-semantic-interposition -fvisibility-inlines-hidden -Werror=date-time -fno-lifetime-dse -Wall -Wextra -Wno-unused-parameter -Wwrite-strings -Wcast-qual -Wno-missing-field-initializers -Wimplicit-fallthrough -Wno-nonnull -Wno-class-memaccess -Wno-redundant-move -Wno-pessimizing-move -Wno-noexcept-type -Wdelete-non-virtual-dtor -Wsuggest-override -Wno-comment  CMakeFiles/cmTC_64386.dir/src.cxx.o -o cmTC_64386 
gmake[1]: Leaving directory '/home/blubridge-040/Desktop/permanant/binary-function-definition/build/CMakeFiles/CMakeTmp'


Source file was:
int main() { return 0; }
Performing C++ SOURCE FILE Test CXX_SUPPORTS_CTAD_MAYBE_UNSPPORTED_FLAG succeeded with the following output:
Change Dir: /home/blubridge-040/Desktop/permanant/binary-function-definition/build/CMakeFiles/CMakeTmp

Run Build Command(s):/usr/bin/gmake -f Makefile cmTC_97d1d/fast && /usr/bin/gmake  -f CMakeFiles/cmTC_97d1d.dir/build.make CMakeFiles/cmTC_97d1d.dir/build
gmake[1]: Entering directory '/home/blubridge-040/Desktop/permanant/binary-function-definition/build/CMakeFiles/CMakeTmp'
Building CXX object CMakeFiles/cmTC_97d1d.dir/src.cxx.o
/usr/bin/c++ -DCXX_SUPPORTS_CTAD_MAYBE_UNSPPORTED_FLAG  -fPIC -fno-semantic-interposition -fvisibility-inlines-hidden -Werror=date-time -fno-lifetime-dse -Wall -Wextra -Wno-unused-parameter -Wwrite-strings -Wcast-qual -Wno-missing-field-initializers -Wimplicit-fallthrough -Wno-nonnull -Wno-class-memaccess -Wno-redundant-move -Wno-pessimizing-move -Wno-noexcept-type -Wdelete-non-virtual-dtor -Wsuggest-override -Wno-comment -Wno-misleading-indentation  -fPIE   -Werror -Wctad-maybe-unsupported -o CMakeFiles/cmTC_97d1d.dir/src.cxx.o -c /home/blubridge-040/Desktop/permanant/binary-function-definition/build/CMakeFiles/CMakeTmp/src.cxx
Linking CXX executable cmTC_97d1d
/usr/bin/cmake -E cmake_link_script CMakeFiles/cmTC_97d1d.dir/link.txt --verbose=1
/usr/bin/c++  -fPIC -fno-semantic-interposition -fvisibility-inlines-hidden -Werror=date-time -fno-lifetime-dse -Wall -Wextra -Wno-unused-parameter -Wwrite-strings -Wcast-qual -Wno-missing-field-initializers -Wimplicit-fallthrough -Wno-nonnull -Wno-class-memaccess -Wno-redundant-move -Wno-pessimizing-move -Wno-noexcept-type -Wdelete-non-virtual-dtor -Wsuggest-override -Wno-comment -Wno-misleading-indentation  CMakeFiles/cmTC_97d1d.dir/src.cxx.o -o cmTC_97d1d 
gmake[1]: Leaving directory '/home/blubridge-040/Desktop/permanant/binary-function-definition/build/CMakeFiles/CMakeTmp'


Source file was:
int main() { return 0; }
Performing C SOURCE FILE Test C_SUPPORTS_FNO_FUNCTION_SECTIONS succeeded with the following output:
Change Dir: /home/blubridge-040/Desktop/permanant/binary-function-definition/build/CMakeFiles/CMakeTmp

Run Build Command(s):/usr/bin/gmake -f Makefile cmTC_93785/fast && /usr/bin/gmake  -f CMakeFiles/cmTC_93785.dir/build.make CMakeFiles/cmTC_93785.dir/build
gmake[1]: Entering directory '/home/blubridge-040/Desktop/permanant/binary-function-definition/build/CMakeFiles/CMakeTmp'
Building C object CMakeFiles/cmTC_93785.dir/src.c.o
/usr/bin/cc -DC_SUPPORTS_FNO_FUNCTION_SECTIONS  -fPIC -fno-semantic-interposition -Werror=date-time -fno-lifetime-dse -Wall -Wextra -Wno-unused-parameter -Wwrite-strings -Wcast-qual -Wno-missing-field-initializers -Wimplicit-fallthrough -Wno-comment  -fPIE   -Werror -fno-function-sections -o CMakeFiles/cmTC_93785.dir/src.c.o -c /home/blubridge-040/Desktop/permanant/binary-function-definition/build/CMakeFiles/CMakeTmp/src.c
Linking C executable cmTC_93785
/usr/bin/cmake -E cmake_link_script CMakeFiles/cmTC_93785.dir/link.txt --verbose=1
/usr/bin/cc  -fPIC -fno-semantic-interposition -Werror=date-time -fno-lifetime-dse -Wall -Wextra -Wno-unused-parameter -Wwrite-strings -Wcast-qual -Wno-missing-field-initializers -Wimplicit-fallthrough -Wno-comment  CMakeFiles/cmTC_93785.dir/src.c.o -o cmTC_93785 
gmake[1]: Leaving directory '/home/blubridge-040/Desktop/permanant/binary-function-definition/build/CMakeFiles/CMakeTmp'


Source file was:
int main(void) { return 0; }
Performing C SOURCE FILE Test C_SUPPORTS_FFUNCTION_SECTIONS succeeded with the following output:
Change Dir: /home/blubridge-040/Desktop/permanant/binary-function-definition/build/CMakeFiles/CMakeTmp

Run Build Command(s):/usr/bin/gmake -f Makefile cmTC_bfab4/fast && /usr/bin/gmake  -f CMakeFiles/cmTC_bfab4.dir/build.make CMakeFiles/cmTC_bfab4.dir/build
gmake[1]: Entering directory '/home/blubridge-040/Desktop/permanant/binary-function-definition/build/CMakeFiles/CMakeTmp'
Building C object CMakeFiles/cmTC_bfab4.dir/src.c.o
/usr/bin/cc -DC_SUPPORTS_FFUNCTION_SECTIONS  -fPIC -fno-semantic-interposition -Werror=date-time -fno-lifetime-dse -Wall -Wextra -Wno-unused-parameter -Wwrite-strings -Wcast-qual -Wno-missing-field-initializers -Wimplicit-fallthrough -Wno-comment  -fPIE   -Werror -ffunction-sections -o CMakeFiles/cmTC_bfab4.dir/src.c.o -c /home/blubridge-040/Desktop/permanant/binary-function-definition/build/CMakeFiles/CMakeTmp/src.c
Linking C executable cmTC_bfab4
/usr/bin/cmake -E cmake_link_script CMakeFiles/cmTC_bfab4.dir/link.txt --verbose=1
/usr/bin/cc  -fPIC -fno-semantic-interposition -Werror=date-time -fno-lifetime-dse -Wall -Wextra -Wno-unused-parameter -Wwrite-strings -Wcast-qual -Wno-missing-field-initializers -Wimplicit-fallthrough -Wno-comment  CMakeFiles/cmTC_bfab4.dir/src.c.o -o cmTC_bfab4 
gmake[1]: Leaving directory '/home/blubridge-040/Desktop/permanant/binary-function-definition/build/CMakeFiles/CMakeTmp'


Source file was:
int main(void) { return 0; }
Performing C++ SOURCE FILE Test CXX_SUPPORTS_FFUNCTION_SECTIONS succeeded with the following output:
Change Dir: /home/blubridge-040/Desktop/permanant/binary-function-definition/build/CMakeFiles/CMakeTmp

Run Build Command(s):/usr/bin/gmake -f Makefile cmTC_7a8f6/fast && /usr/bin/gmake  -f CMakeFiles/cmTC_7a8f6.dir/build.make CMakeFiles/cmTC_7a8f6.dir/build
gmake[1]: Entering directory '/home/blubridge-040/Desktop/permanant/binary-function-definition/build/CMakeFiles/CMakeTmp'
Building CXX object CMakeFiles/cmTC_7a8f6.dir/src.cxx.o
/usr/bin/c++ -DCXX_SUPPORTS_FFUNCTION_SECTIONS  -fPIC -fno-semantic-interposition -fvisibility-inlines-hidden -Werror=date-time -fno-lifetime-dse -Wall -Wextra -Wno-unused-parameter -Wwrite-strings -Wcast-qual -Wno-missing-field-initializers -Wimplicit-fallthrough -Wno-nonnull -Wno-class-memaccess -Wno-redundant-move -Wno-pessimizing-move -Wno-noexcept-type -Wdelete-non-virtual-dtor -Wsuggest-override -Wno-comment -Wno-misleading-indentation -Wctad-maybe-unsupported  -fPIE   -Werror -ffunction-sections -o CMakeFiles/cmTC_7a8f6.dir/src.cxx.o -c /home/blubridge-040/Desktop/permanant/binary-function-definition/build/CMakeFiles/CMakeTmp/src.cxx
Linking CXX executable cmTC_7a8f6
/usr/bin/cmake -E cmake_link_script CMakeFiles/cmTC_7a8f6.dir/link.txt --verbose=1
/usr/bin/c++  -fPIC -fno-semantic-interposition -fvisibility-inlines-hidden -Werror=date-time -fno-lifetime-dse -Wall -Wextra -Wno-unused-parameter -Wwrite-strings -Wcast-qual -Wno-missing-field-initializers -Wimplicit-fallthrough -Wno-nonnull -Wno-class-memaccess -Wno-redundant-move -Wno-pessimizing-move -Wno-noexcept-type -Wdelete-non-virtual-dtor -Wsuggest-override -Wno-comment -Wno-misleading-indentation -Wctad-maybe-unsupported  CMakeFiles/cmTC_7a8f6.dir/src.cxx.o -o cmTC_7a8f6 
gmake[1]: Leaving directory '/home/blubridge-040/Desktop/permanant/binary-function-definition/build/CMakeFiles/CMakeTmp'


Source file was:
int main() { return 0; }
Performing C SOURCE FILE Test C_SUPPORTS_FDATA_SECTIONS succeeded with the following output:
Change Dir: /home/blubridge-040/Desktop/permanant/binary-function-definition/build/CMakeFiles/CMakeTmp

Run Build Command(s):/usr/bin/gmake -f Makefile cmTC_f0936/fast && /usr/bin/gmake  -f CMakeFiles/cmTC_f0936.dir/build.make CMakeFiles/cmTC_f0936.dir/build
gmake[1]: Entering directory '/home/blubridge-040/Desktop/permanant/binary-function-definition/build/CMakeFiles/CMakeTmp'
Building C object CMakeFiles/cmTC_f0936.dir/src.c.o
/usr/bin/cc -DC_SUPPORTS_FDATA_SECTIONS  -fPIC -fno-semantic-interposition -Werror=date-time -fno-lifetime-dse -Wall -Wextra -Wno-unused-parameter -Wwrite-strings -Wcast-qual -Wno-missing-field-initializers -Wimplicit-fallthrough -Wno-comment -ffunction-sections  -fPIE   -Werror -fdata-sections -o CMakeFiles/cmTC_f0936.dir/src.c.o -c /home/blubridge-040/Desktop/permanant/binary-function-definition/build/CMakeFiles/CMakeTmp/src.c
Linking C executable cmTC_f0936
/usr/bin/cmake -E cmake_link_script CMakeFiles/cmTC_f0936.dir/link.txt --verbose=1
/usr/bin/cc  -fPIC -fno-semantic-interposition -Werror=date-time -fno-lifetime-dse -Wall -Wextra -Wno-unused-parameter -Wwrite-strings -Wcast-qual -Wno-missing-field-initializers -Wimplicit-fallthrough -Wno-comment -ffunction-sections  CMakeFiles/cmTC_f0936.dir/src.c.o -o cmTC_f0936 
gmake[1]: Leaving directory '/home/blubridge-040/Desktop/permanant/binary-function-definition/build/CMakeFiles/CMakeTmp'


Source file was:
int main(void) { return 0; }
Performing C++ SOURCE FILE Test CXX_SUPPORTS_FDATA_SECTIONS succeeded with the following output:
Change Dir: /home/blubridge-040/Desktop/permanant/binary-function-definition/build/CMakeFiles/CMakeTmp

Run Build Command(s):/usr/bin/gmake -f Makefile cmTC_68f53/fast && /usr/bin/gmake  -f CMakeFiles/cmTC_68f53.dir/build.make CMakeFiles/cmTC_68f53.dir/build
gmake[1]: Entering directory '/home/blubridge-040/Desktop/permanant/binary-function-definition/build/CMakeFiles/CMakeTmp'
Building CXX object CMakeFiles/cmTC_68f53.dir/src.cxx.o
/usr/bin/c++ -DCXX_SUPPORTS_FDATA_SECTIONS  -fPIC -fno-semantic-interposition -fvisibility-inlines-hidden -Werror=date-time -fno-lifetime-dse -Wall -Wextra -Wno-unused-parameter -Wwrite-strings -Wcast-qual -Wno-missing-field-initializers -Wimplicit-fallthrough -Wno-nonnull -Wno-class-memaccess -Wno-redundant-move -Wno-pessimizing-move -Wno-noexcept-type -Wdelete-non-virtual-dtor -Wsuggest-override -Wno-comment -Wno-misleading-indentation -Wctad-maybe-unsupported -ffunction-sections  -fPIE   -Werror -fdata-sections -o CMakeFiles/cmTC_68f53.dir/src.cxx.o -c /home/blubridge-040/Desktop/permanant/binary-function-definition/build/CMakeFiles/CMakeTmp/src.cxx
Linking CXX executable cmTC_68f53
/usr/bin/cmake -E cmake_link_script CMakeFiles/cmTC_68f53.dir/link.txt --verbose=1
/usr/bin/c++  -fPIC -fno-semantic-interposition -fvisibility-inlines-hidden -Werror=date-time -fno-lifetime-dse -Wall -Wextra -Wno-unused-parameter -Wwrite-strings -Wcast-qual -Wno-missing-field-initializers -Wimplicit-fallthrough -Wno-nonnull -Wno-class-memaccess -Wno-redundant-move -Wno-pessimizing-move -Wno-noexcept-type -Wdelete-non-virtual-dtor -Wsuggest-override -Wno-comment -Wno-misleading-indentation -Wctad-maybe-unsupported -ffunction-sections  CMakeFiles/cmTC_68f53.dir/src.cxx.o -o cmTC_68f53 
gmake[1]: Leaving directory '/home/blubridge-040/Desktop/permanant/binary-function-definition/build/CMakeFiles/CMakeTmp'


Source file was:
int main() { return 0; }
